{"/home/daniel/work/projects/Restaurant-POS/src/modules/alerts/controller.ts": {"path":"/home/daniel/work/projects/Restaurant-POS/src/modules/alerts/controller.ts","all":false,"statementMap":{"0":{"start":{"line":1,"column":0},"end":{"line":1,"column":49}},"5":{"start":{"line":6,"column":0},"end":{"line":6,"column":46}},"6":{"start":{"line":7,"column":0},"end":{"line":7,"column":69}},"7":{"start":{"line":8,"column":0},"end":{"line":8,"column":25}},"8":{"start":{"line":9,"column":0},"end":{"line":9,"column":1}},"10":{"start":{"line":11,"column":0},"end":{"line":11,"column":76}},"11":{"start":{"line":12,"column":0},"end":{"line":12,"column":82}},"12":{"start":{"line":13,"column":0},"end":{"line":13,"column":47}},"13":{"start":{"line":14,"column":0},"end":{"line":14,"column":1}},"15":{"start":{"line":16,"column":0},"end":{"line":16,"column":72}},"16":{"start":{"line":17,"column":0},"end":{"line":17,"column":80}},"17":{"start":{"line":18,"column":0},"end":{"line":18,"column":42}},"18":{"start":{"line":19,"column":0},"end":{"line":19,"column":1}},"20":{"start":{"line":21,"column":0},"end":{"line":21,"column":75}},"21":{"start":{"line":22,"column":0},"end":{"line":22,"column":43}},"22":{"start":{"line":23,"column":0},"end":{"line":23,"column":28}},"23":{"start":{"line":24,"column":0},"end":{"line":24,"column":23}},"24":{"start":{"line":25,"column":0},"end":{"line":25,"column":34}},"25":{"start":{"line":26,"column":0},"end":{"line":26,"column":4}},"26":{"start":{"line":27,"column":0},"end":{"line":27,"column":43}},"27":{"start":{"line":28,"column":0},"end":{"line":28,"column":1}}},"s":{"0":1,"5":2,"6":2,"7":2,"8":2,"10":3,"11":3,"12":3,"13":3,"15":2,"16":2,"17":2,"18":2,"20":2,"21":2,"22":2,"23":2,"24":2,"25":2,"26":1,"27":1},"branchMap":{"0":{"type":"branch","line":6,"loc":{"start":{"line":6,"column":0},"end":{"line":9,"column":1}},"locations":[{"start":{"line":6,"column":0},"end":{"line":9,"column":1}}]},"1":{"type":"branch","line":7,"loc":{"start":{"line":7,"column":17},"end":{"line":7,"column":69}},"locations":[{"start":{"line":7,"column":17},"end":{"line":7,"column":69}}]},"2":{"type":"branch","line":11,"loc":{"start":{"line":11,"column":0},"end":{"line":14,"column":1}},"locations":[{"start":{"line":11,"column":0},"end":{"line":14,"column":1}}]},"3":{"type":"branch","line":16,"loc":{"start":{"line":16,"column":0},"end":{"line":19,"column":1}},"locations":[{"start":{"line":16,"column":0},"end":{"line":19,"column":1}}]},"4":{"type":"branch","line":21,"loc":{"start":{"line":21,"column":0},"end":{"line":28,"column":1}},"locations":[{"start":{"line":21,"column":0},"end":{"line":28,"column":1}}]},"5":{"type":"branch","line":26,"loc":{"start":{"line":26,"column":2},"end":{"line":28,"column":1}},"locations":[{"start":{"line":26,"column":2},"end":{"line":28,"column":1}}]}},"b":{"0":[2],"1":[0],"2":[3],"3":[2],"4":[2],"5":[1]},"fnMap":{"0":{"name":"currentUserId","decl":{"start":{"line":6,"column":0},"end":{"line":9,"column":1}},"loc":{"start":{"line":6,"column":0},"end":{"line":9,"column":1}},"line":6},"1":{"name":"lowStock","decl":{"start":{"line":11,"column":0},"end":{"line":14,"column":1}},"loc":{"start":{"line":11,"column":0},"end":{"line":14,"column":1}},"line":11},"2":{"name":"list","decl":{"start":{"line":16,"column":0},"end":{"line":19,"column":1}},"loc":{"start":{"line":16,"column":0},"end":{"line":19,"column":1}},"line":16},"3":{"name":"resolve","decl":{"start":{"line":21,"column":0},"end":{"line":28,"column":1}},"loc":{"start":{"line":21,"column":0},"end":{"line":28,"column":1}},"line":21}},"f":{"0":2,"1":3,"2":2,"3":2}}
,"/home/daniel/work/projects/Restaurant-POS/src/modules/alerts/routes.ts": {"path":"/home/daniel/work/projects/Restaurant-POS/src/modules/alerts/routes.ts","all":false,"statementMap":{"0":{"start":{"line":1,"column":0},"end":{"line":1,"column":33}},"12":{"start":{"line":13,"column":0},"end":{"line":13,"column":36}},"14":{"start":{"line":15,"column":0},"end":{"line":15,"column":29}},"18":{"start":{"line":19,"column":0},"end":{"line":19,"column":16}},"19":{"start":{"line":20,"column":0},"end":{"line":20,"column":15}},"20":{"start":{"line":21,"column":0},"end":{"line":21,"column":41}},"21":{"start":{"line":22,"column":0},"end":{"line":22,"column":36}},"22":{"start":{"line":23,"column":0},"end":{"line":23,"column":2}},"27":{"start":{"line":28,"column":0},"end":{"line":28,"column":16}},"28":{"start":{"line":29,"column":0},"end":{"line":29,"column":6}},"29":{"start":{"line":30,"column":0},"end":{"line":30,"column":34}},"30":{"start":{"line":31,"column":0},"end":{"line":31,"column":42}},"31":{"start":{"line":32,"column":0},"end":{"line":32,"column":32}},"32":{"start":{"line":33,"column":0},"end":{"line":33,"column":2}},"35":{"start":{"line":36,"column":0},"end":{"line":36,"column":18}},"36":{"start":{"line":37,"column":0},"end":{"line":37,"column":17}},"37":{"start":{"line":38,"column":0},"end":{"line":38,"column":34}},"38":{"start":{"line":39,"column":0},"end":{"line":39,"column":38}},"39":{"start":{"line":40,"column":0},"end":{"line":40,"column":31}},"40":{"start":{"line":41,"column":0},"end":{"line":41,"column":35}},"41":{"start":{"line":42,"column":0},"end":{"line":42,"column":2}}},"s":{"0":1,"12":1,"14":1,"18":1,"19":1,"20":1,"21":1,"22":1,"27":1,"28":1,"29":1,"30":1,"31":1,"32":1,"35":1,"36":1,"37":1,"38":1,"39":1,"40":1,"41":1},"branchMap":{},"b":{},"fnMap":{},"f":{}}
,"/home/daniel/work/projects/Restaurant-POS/src/modules/alerts/schema.ts": {"path":"/home/daniel/work/projects/Restaurant-POS/src/modules/alerts/schema.ts","all":false,"statementMap":{"0":{"start":{"line":1,"column":0},"end":{"line":1,"column":24}},"3":{"start":{"line":4,"column":0},"end":{"line":4,"column":45}},"4":{"start":{"line":5,"column":0},"end":{"line":5,"column":43}},"5":{"start":{"line":6,"column":0},"end":{"line":6,"column":3}},"11":{"start":{"line":12,"column":0},"end":{"line":12,"column":46}},"12":{"start":{"line":13,"column":0},"end":{"line":13,"column":39}},"13":{"start":{"line":14,"column":0},"end":{"line":14,"column":61}},"14":{"start":{"line":15,"column":0},"end":{"line":15,"column":43}},"15":{"start":{"line":16,"column":0},"end":{"line":16,"column":51}},"16":{"start":{"line":17,"column":0},"end":{"line":17,"column":13}},"17":{"start":{"line":18,"column":0},"end":{"line":18,"column":28}},"18":{"start":{"line":19,"column":0},"end":{"line":19,"column":35}},"19":{"start":{"line":20,"column":0},"end":{"line":20,"column":16}},"20":{"start":{"line":21,"column":0},"end":{"line":21,"column":35}},"21":{"start":{"line":22,"column":0},"end":{"line":22,"column":33}},"22":{"start":{"line":23,"column":0},"end":{"line":23,"column":3}},"29":{"start":{"line":30,"column":0},"end":{"line":30,"column":35}},"30":{"start":{"line":31,"column":0},"end":{"line":31,"column":11}},"31":{"start":{"line":32,"column":0},"end":{"line":32,"column":43}},"32":{"start":{"line":33,"column":0},"end":{"line":33,"column":4}},"33":{"start":{"line":34,"column":0},"end":{"line":34,"column":12}}},"s":{"0":1,"3":1,"4":1,"5":1,"11":1,"12":1,"13":1,"14":1,"15":1,"16":1,"17":1,"18":1,"19":1,"20":1,"21":1,"22":1,"29":1,"30":1,"31":1,"32":1,"33":1},"branchMap":{"0":{"type":"branch","line":19,"loc":{"start":{"line":19,"column":15},"end":{"line":19,"column":34}},"locations":[{"start":{"line":19,"column":15},"end":{"line":19,"column":34}}]}},"b":{"0":[2]},"fnMap":{},"f":{}}
,"/home/daniel/work/projects/Restaurant-POS/src/modules/alerts/service.ts": {"path":"/home/daniel/work/projects/Restaurant-POS/src/modules/alerts/service.ts","all":false,"statementMap":{"0":{"start":{"line":1,"column":0},"end":{"line":1,"column":40}},"24":{"start":{"line":25,"column":0},"end":{"line":25,"column":84}},"25":{"start":{"line":26,"column":0},"end":{"line":26,"column":48}},"26":{"start":{"line":27,"column":0},"end":{"line":27,"column":29}},"27":{"start":{"line":28,"column":0},"end":{"line":28,"column":33}},"28":{"start":{"line":29,"column":0},"end":{"line":29,"column":66}},"29":{"start":{"line":30,"column":0},"end":{"line":30,"column":4}},"30":{"start":{"line":31,"column":0},"end":{"line":31,"column":51}},"31":{"start":{"line":32,"column":0},"end":{"line":32,"column":10}},"32":{"start":{"line":33,"column":0},"end":{"line":33,"column":14}},"33":{"start":{"line":34,"column":0},"end":{"line":34,"column":88}},"34":{"start":{"line":35,"column":0},"end":{"line":35,"column":52}},"35":{"start":{"line":36,"column":0},"end":{"line":36,"column":6}},"36":{"start":{"line":37,"column":0},"end":{"line":37,"column":59}},"37":{"start":{"line":38,"column":0},"end":{"line":38,"column":5}},"39":{"start":{"line":40,"column":0},"end":{"line":40,"column":13}},"40":{"start":{"line":41,"column":0},"end":{"line":41,"column":97}},"41":{"start":{"line":42,"column":0},"end":{"line":42,"column":17}},"42":{"start":{"line":43,"column":0},"end":{"line":43,"column":42}},"43":{"start":{"line":44,"column":0},"end":{"line":44,"column":44}},"44":{"start":{"line":45,"column":0},"end":{"line":45,"column":14}},"45":{"start":{"line":46,"column":0},"end":{"line":46,"column":31}},"46":{"start":{"line":47,"column":0},"end":{"line":47,"column":35}},"47":{"start":{"line":48,"column":0},"end":{"line":48,"column":38}},"48":{"start":{"line":49,"column":0},"end":{"line":49,"column":33}},"49":{"start":{"line":50,"column":0},"end":{"line":50,"column":37}},"50":{"start":{"line":51,"column":0},"end":{"line":51,"column":33}},"51":{"start":{"line":52,"column":0},"end":{"line":52,"column":34}},"52":{"start":{"line":53,"column":0},"end":{"line":53,"column":43}},"53":{"start":{"line":54,"column":0},"end":{"line":54,"column":68}},"54":{"start":{"line":55,"column":0},"end":{"line":55,"column":8}},"55":{"start":{"line":56,"column":0},"end":{"line":56,"column":7}},"56":{"start":{"line":57,"column":0},"end":{"line":57,"column":1}},"58":{"start":{"line":59,"column":0},"end":{"line":59,"column":22}},"59":{"start":{"line":60,"column":0},"end":{"line":60,"column":45}},"60":{"start":{"line":61,"column":0},"end":{"line":61,"column":17}},"61":{"start":{"line":62,"column":0},"end":{"line":62,"column":13}},"62":{"start":{"line":63,"column":0},"end":{"line":63,"column":15}},"63":{"start":{"line":64,"column":0},"end":{"line":64,"column":23}},"64":{"start":{"line":65,"column":0},"end":{"line":65,"column":20}},"65":{"start":{"line":66,"column":0},"end":{"line":66,"column":22}},"66":{"start":{"line":67,"column":0},"end":{"line":67,"column":26}},"67":{"start":{"line":68,"column":0},"end":{"line":68,"column":23}},"68":{"start":{"line":69,"column":0},"end":{"line":69,"column":6}},"69":{"start":{"line":70,"column":0},"end":{"line":70,"column":4}},"70":{"start":{"line":71,"column":0},"end":{"line":71,"column":17}},"71":{"start":{"line":72,"column":0},"end":{"line":72,"column":64}},"72":{"start":{"line":73,"column":0},"end":{"line":73,"column":4}},"73":{"start":{"line":74,"column":0},"end":{"line":74,"column":32}},"81":{"start":{"line":82,"column":0},"end":{"line":82,"column":57}},"82":{"start":{"line":83,"column":0},"end":{"line":83,"column":41}},"83":{"start":{"line":84,"column":0},"end":{"line":84,"column":48}},"84":{"start":{"line":85,"column":0},"end":{"line":85,"column":60}},"85":{"start":{"line":86,"column":0},"end":{"line":86,"column":74}},"86":{"start":{"line":87,"column":0},"end":{"line":87,"column":30}},"87":{"start":{"line":88,"column":0},"end":{"line":88,"column":9}},"88":{"start":{"line":89,"column":0},"end":{"line":89,"column":23}},"89":{"start":{"line":90,"column":0},"end":{"line":90,"column":55}},"90":{"start":{"line":91,"column":0},"end":{"line":91,"column":51}},"91":{"start":{"line":92,"column":0},"end":{"line":92,"column":12}},"92":{"start":{"line":93,"column":0},"end":{"line":93,"column":9}},"93":{"start":{"line":94,"column":0},"end":{"line":94,"column":12}},"94":{"start":{"line":95,"column":0},"end":{"line":95,"column":4}},"95":{"start":{"line":96,"column":0},"end":{"line":96,"column":44}},"96":{"start":{"line":97,"column":0},"end":{"line":97,"column":10}},"97":{"start":{"line":98,"column":0},"end":{"line":98,"column":53}},"98":{"start":{"line":99,"column":0},"end":{"line":99,"column":26}},"99":{"start":{"line":100,"column":0},"end":{"line":100,"column":30}},"100":{"start":{"line":101,"column":0},"end":{"line":101,"column":5}},"101":{"start":{"line":102,"column":0},"end":{"line":102,"column":41}},"102":{"start":{"line":103,"column":0},"end":{"line":103,"column":1}},"109":{"start":{"line":110,"column":0},"end":{"line":110,"column":35}},"110":{"start":{"line":111,"column":0},"end":{"line":111,"column":13}},"111":{"start":{"line":112,"column":0},"end":{"line":112,"column":21}},"112":{"start":{"line":113,"column":0},"end":{"line":113,"column":27}},"113":{"start":{"line":114,"column":0},"end":{"line":114,"column":3}},"114":{"start":{"line":115,"column":0},"end":{"line":115,"column":44}},"115":{"start":{"line":116,"column":0},"end":{"line":116,"column":48}},"116":{"start":{"line":117,"column":0},"end":{"line":117,"column":20}},"117":{"start":{"line":118,"column":0},"end":{"line":118,"column":43}},"118":{"start":{"line":119,"column":0},"end":{"line":119,"column":7}},"119":{"start":{"line":120,"column":0},"end":{"line":120,"column":52}},"120":{"start":{"line":121,"column":0},"end":{"line":121,"column":28}},"121":{"start":{"line":122,"column":0},"end":{"line":122,"column":59}},"122":{"start":{"line":123,"column":0},"end":{"line":123,"column":5}},"123":{"start":{"line":124,"column":0},"end":{"line":124,"column":27}},"124":{"start":{"line":125,"column":0},"end":{"line":125,"column":20}},"125":{"start":{"line":126,"column":0},"end":{"line":126,"column":13}},"126":{"start":{"line":127,"column":0},"end":{"line":127,"column":23}},"127":{"start":{"line":128,"column":0},"end":{"line":128,"column":35}},"128":{"start":{"line":129,"column":0},"end":{"line":129,"column":32}},"129":{"start":{"line":130,"column":0},"end":{"line":130,"column":37}},"130":{"start":{"line":131,"column":0},"end":{"line":131,"column":8}},"131":{"start":{"line":132,"column":0},"end":{"line":132,"column":7}},"132":{"start":{"line":133,"column":0},"end":{"line":133,"column":80}},"133":{"start":{"line":134,"column":0},"end":{"line":134,"column":5}},"134":{"start":{"line":135,"column":0},"end":{"line":135,"column":1}}},"s":{"0":1,"24":3,"25":3,"26":3,"27":3,"28":3,"29":3,"30":3,"31":3,"32":3,"33":3,"34":3,"35":3,"36":3,"37":3,"39":3,"40":3,"41":3,"42":6,"43":6,"44":6,"45":6,"46":6,"47":6,"48":6,"49":6,"50":6,"51":6,"52":6,"53":6,"54":6,"55":3,"56":3,"58":1,"59":1,"60":1,"61":1,"62":1,"63":1,"64":1,"65":1,"66":1,"67":1,"68":1,"69":1,"70":1,"71":1,"72":1,"73":1,"81":2,"82":2,"83":2,"84":2,"85":2,"86":2,"87":0,"88":0,"89":0,"90":0,"91":0,"92":0,"93":2,"94":2,"95":2,"96":2,"97":2,"98":2,"99":2,"100":2,"101":2,"102":2,"109":2,"110":2,"111":2,"112":2,"113":2,"114":2,"115":2,"116":2,"117":2,"118":2,"119":2,"120":2,"121":1,"122":1,"123":1,"124":1,"125":1,"126":1,"127":1,"128":1,"129":1,"130":1,"131":1,"132":1,"133":2,"134":2},"branchMap":{"0":{"type":"branch","line":25,"loc":{"start":{"line":25,"column":0},"end":{"line":57,"column":1}},"locations":[{"start":{"line":25,"column":0},"end":{"line":57,"column":1}}]},"1":{"type":"branch","line":29,"loc":{"start":{"line":29,"column":14},"end":{"line":29,"column":62}},"locations":[{"start":{"line":29,"column":14},"end":{"line":29,"column":62}}]},"2":{"type":"branch","line":29,"loc":{"start":{"line":29,"column":58},"end":{"line":29,"column":66}},"locations":[{"start":{"line":29,"column":58},"end":{"line":29,"column":66}}]},"3":{"type":"branch","line":41,"loc":{"start":{"line":41,"column":12},"end":{"line":41,"column":96}},"locations":[{"start":{"line":41,"column":12},"end":{"line":41,"column":96}}]},"4":{"type":"branch","line":42,"loc":{"start":{"line":42,"column":9},"end":{"line":56,"column":5}},"locations":[{"start":{"line":42,"column":9},"end":{"line":56,"column":5}}]},"5":{"type":"branch","line":82,"loc":{"start":{"line":82,"column":0},"end":{"line":103,"column":1}},"locations":[{"start":{"line":82,"column":0},"end":{"line":103,"column":1}}]},"6":{"type":"branch","line":84,"loc":{"start":{"line":84,"column":14},"end":{"line":84,"column":44}},"locations":[{"start":{"line":84,"column":14},"end":{"line":84,"column":44}}]},"7":{"type":"branch","line":85,"loc":{"start":{"line":85,"column":14},"end":{"line":85,"column":56}},"locations":[{"start":{"line":85,"column":14},"end":{"line":85,"column":56}}]},"8":{"type":"branch","line":86,"loc":{"start":{"line":86,"column":66},"end":{"line":86,"column":74}},"locations":[{"start":{"line":86,"column":66},"end":{"line":86,"column":74}}]},"9":{"type":"branch","line":87,"loc":{"start":{"line":87,"column":28},"end":{"line":93,"column":9}},"locations":[{"start":{"line":87,"column":28},"end":{"line":93,"column":9}}]},"10":{"type":"branch","line":110,"loc":{"start":{"line":110,"column":0},"end":{"line":135,"column":1}},"locations":[{"start":{"line":110,"column":0},"end":{"line":135,"column":1}}]},"11":{"type":"branch","line":115,"loc":{"start":{"line":115,"column":29},"end":{"line":134,"column":3}},"locations":[{"start":{"line":115,"column":29},"end":{"line":134,"column":3}}]},"12":{"type":"branch","line":120,"loc":{"start":{"line":120,"column":19},"end":{"line":120,"column":52}},"locations":[{"start":{"line":120,"column":19},"end":{"line":120,"column":52}}]},"13":{"type":"branch","line":121,"loc":{"start":{"line":121,"column":27},"end":{"line":133,"column":80}},"locations":[{"start":{"line":121,"column":27},"end":{"line":133,"column":80}}]}},"b":{"0":[3],"1":[2],"2":[1],"3":[6],"4":[6],"5":[2],"6":[0],"7":[0],"8":[0],"9":[0],"10":[2],"11":[2],"12":[0],"13":[1]},"fnMap":{"0":{"name":"listLowStock","decl":{"start":{"line":25,"column":0},"end":{"line":57,"column":1}},"loc":{"start":{"line":25,"column":0},"end":{"line":57,"column":1}},"line":25},"1":{"name":"listAlerts","decl":{"start":{"line":82,"column":0},"end":{"line":103,"column":1}},"loc":{"start":{"line":82,"column":0},"end":{"line":103,"column":1}},"line":82},"2":{"name":"resolveAlert","decl":{"start":{"line":110,"column":0},"end":{"line":135,"column":1}},"loc":{"start":{"line":110,"column":0},"end":{"line":135,"column":1}},"line":110}},"f":{"0":3,"1":2,"2":2}}
,"/home/daniel/work/projects/Restaurant-POS/src/modules/daily-reports/controller.ts": {"path":"/home/daniel/work/projects/Restaurant-POS/src/modules/daily-reports/controller.ts","all":false,"statementMap":{"0":{"start":{"line":1,"column":0},"end":{"line":1,"column":49}},"8":{"start":{"line":9,"column":0},"end":{"line":9,"column":46}},"9":{"start":{"line":10,"column":0},"end":{"line":10,"column":69}},"10":{"start":{"line":11,"column":0},"end":{"line":11,"column":25}},"11":{"start":{"line":12,"column":0},"end":{"line":12,"column":1}},"13":{"start":{"line":14,"column":0},"end":{"line":14,"column":73}},"14":{"start":{"line":15,"column":0},"end":{"line":15,"column":48}},"15":{"start":{"line":16,"column":0},"end":{"line":16,"column":23}},"16":{"start":{"line":17,"column":0},"end":{"line":17,"column":38}},"17":{"start":{"line":18,"column":0},"end":{"line":18,"column":4}},"18":{"start":{"line":19,"column":0},"end":{"line":19,"column":44}},"19":{"start":{"line":20,"column":0},"end":{"line":20,"column":1}},"21":{"start":{"line":22,"column":0},"end":{"line":22,"column":72}},"22":{"start":{"line":23,"column":0},"end":{"line":23,"column":46}},"23":{"start":{"line":24,"column":0},"end":{"line":24,"column":49}},"24":{"start":{"line":25,"column":0},"end":{"line":25,"column":4}},"25":{"start":{"line":26,"column":0},"end":{"line":26,"column":42}},"26":{"start":{"line":27,"column":0},"end":{"line":27,"column":1}},"28":{"start":{"line":29,"column":0},"end":{"line":29,"column":75}},"29":{"start":{"line":30,"column":0},"end":{"line":30,"column":71}},"30":{"start":{"line":31,"column":0},"end":{"line":31,"column":44}},"31":{"start":{"line":32,"column":0},"end":{"line":32,"column":1}},"33":{"start":{"line":34,"column":0},"end":{"line":34,"column":79}},"34":{"start":{"line":35,"column":0},"end":{"line":35,"column":76}},"35":{"start":{"line":36,"column":0},"end":{"line":36,"column":60}},"36":{"start":{"line":37,"column":0},"end":{"line":37,"column":17}},"37":{"start":{"line":38,"column":0},"end":{"line":38,"column":1}}},"s":{"0":1,"8":19,"9":19,"10":19,"11":19,"13":19,"14":19,"15":19,"16":19,"17":19,"18":13,"19":13,"21":1,"22":1,"23":1,"24":1,"25":1,"26":1,"28":2,"29":2,"30":1,"31":1,"33":1,"34":1,"35":1,"36":1,"37":1},"branchMap":{"0":{"type":"branch","line":9,"loc":{"start":{"line":9,"column":0},"end":{"line":12,"column":1}},"locations":[{"start":{"line":9,"column":0},"end":{"line":12,"column":1}}]},"1":{"type":"branch","line":10,"loc":{"start":{"line":10,"column":17},"end":{"line":10,"column":69}},"locations":[{"start":{"line":10,"column":17},"end":{"line":10,"column":69}}]},"2":{"type":"branch","line":14,"loc":{"start":{"line":14,"column":0},"end":{"line":20,"column":1}},"locations":[{"start":{"line":14,"column":0},"end":{"line":20,"column":1}}]},"3":{"type":"branch","line":18,"loc":{"start":{"line":18,"column":2},"end":{"line":20,"column":1}},"locations":[{"start":{"line":18,"column":2},"end":{"line":20,"column":1}}]},"4":{"type":"branch","line":22,"loc":{"start":{"line":22,"column":0},"end":{"line":27,"column":1}},"locations":[{"start":{"line":22,"column":0},"end":{"line":27,"column":1}}]},"5":{"type":"branch","line":29,"loc":{"start":{"line":29,"column":0},"end":{"line":32,"column":1}},"locations":[{"start":{"line":29,"column":0},"end":{"line":32,"column":1}}]},"6":{"type":"branch","line":30,"loc":{"start":{"line":30,"column":69},"end":{"line":32,"column":1}},"locations":[{"start":{"line":30,"column":69},"end":{"line":32,"column":1}}]},"7":{"type":"branch","line":34,"loc":{"start":{"line":34,"column":0},"end":{"line":38,"column":1}},"locations":[{"start":{"line":34,"column":0},"end":{"line":38,"column":1}}]}},"b":{"0":[19],"1":[0],"2":[19],"3":[13],"4":[1],"5":[2],"6":[1],"7":[1]},"fnMap":{"0":{"name":"currentUserId","decl":{"start":{"line":9,"column":0},"end":{"line":12,"column":1}},"loc":{"start":{"line":9,"column":0},"end":{"line":12,"column":1}},"line":9},"1":{"name":"close","decl":{"start":{"line":14,"column":0},"end":{"line":20,"column":1}},"loc":{"start":{"line":14,"column":0},"end":{"line":20,"column":1}},"line":14},"2":{"name":"list","decl":{"start":{"line":22,"column":0},"end":{"line":27,"column":1}},"loc":{"start":{"line":22,"column":0},"end":{"line":27,"column":1}},"line":22},"3":{"name":"getById","decl":{"start":{"line":29,"column":0},"end":{"line":32,"column":1}},"loc":{"start":{"line":29,"column":0},"end":{"line":32,"column":1}},"line":29},"4":{"name":"printReport","decl":{"start":{"line":34,"column":0},"end":{"line":38,"column":1}},"loc":{"start":{"line":34,"column":0},"end":{"line":38,"column":1}},"line":34}},"f":{"0":19,"1":19,"2":1,"3":2,"4":1}}
,"/home/daniel/work/projects/Restaurant-POS/src/modules/daily-reports/routes.ts": {"path":"/home/daniel/work/projects/Restaurant-POS/src/modules/daily-reports/routes.ts","all":false,"statementMap":{"0":{"start":{"line":1,"column":0},"end":{"line":1,"column":33}},"11":{"start":{"line":12,"column":0},"end":{"line":12,"column":42}},"13":{"start":{"line":14,"column":0},"end":{"line":14,"column":35}},"17":{"start":{"line":18,"column":0},"end":{"line":18,"column":23}},"18":{"start":{"line":19,"column":0},"end":{"line":19,"column":11}},"19":{"start":{"line":20,"column":0},"end":{"line":20,"column":34}},"20":{"start":{"line":21,"column":0},"end":{"line":21,"column":35}},"21":{"start":{"line":22,"column":0},"end":{"line":22,"column":33}},"22":{"start":{"line":23,"column":0},"end":{"line":23,"column":2}},"24":{"start":{"line":25,"column":0},"end":{"line":25,"column":22}},"25":{"start":{"line":26,"column":0},"end":{"line":26,"column":6}},"26":{"start":{"line":27,"column":0},"end":{"line":27,"column":34}},"27":{"start":{"line":28,"column":0},"end":{"line":28,"column":48}},"28":{"start":{"line":29,"column":0},"end":{"line":29,"column":32}},"29":{"start":{"line":30,"column":0},"end":{"line":30,"column":2}},"31":{"start":{"line":32,"column":0},"end":{"line":32,"column":22}},"32":{"start":{"line":33,"column":0},"end":{"line":33,"column":9}},"33":{"start":{"line":34,"column":0},"end":{"line":34,"column":34}},"34":{"start":{"line":35,"column":0},"end":{"line":35,"column":38}},"35":{"start":{"line":36,"column":0},"end":{"line":36,"column":35}},"36":{"start":{"line":37,"column":0},"end":{"line":37,"column":2}},"41":{"start":{"line":42,"column":0},"end":{"line":42,"column":22}},"42":{"start":{"line":43,"column":0},"end":{"line":43,"column":15}},"43":{"start":{"line":44,"column":0},"end":{"line":44,"column":34}},"44":{"start":{"line":45,"column":0},"end":{"line":45,"column":38}},"45":{"start":{"line":46,"column":0},"end":{"line":46,"column":39}},"46":{"start":{"line":47,"column":0},"end":{"line":47,"column":2}}},"s":{"0":1,"11":1,"13":1,"17":1,"18":1,"19":1,"20":1,"21":1,"22":1,"24":1,"25":1,"26":1,"27":1,"28":1,"29":1,"31":1,"32":1,"33":1,"34":1,"35":1,"36":1,"41":1,"42":1,"43":1,"44":1,"45":1,"46":1},"branchMap":{},"b":{},"fnMap":{},"f":{}}
,"/home/daniel/work/projects/Restaurant-POS/src/modules/daily-reports/schema.ts": {"path":"/home/daniel/work/projects/Restaurant-POS/src/modules/daily-reports/schema.ts","all":false,"statementMap":{"0":{"start":{"line":1,"column":0},"end":{"line":1,"column":24}},"6":{"start":{"line":7,"column":0},"end":{"line":7,"column":39}},"7":{"start":{"line":8,"column":0},"end":{"line":8,"column":11}},"8":{"start":{"line":9,"column":0},"end":{"line":9,"column":43}},"9":{"start":{"line":10,"column":0},"end":{"line":10,"column":4}},"10":{"start":{"line":11,"column":0},"end":{"line":11,"column":12}},"14":{"start":{"line":15,"column":0},"end":{"line":15,"column":52}},"15":{"start":{"line":16,"column":0},"end":{"line":16,"column":39}},"16":{"start":{"line":17,"column":0},"end":{"line":17,"column":61}},"17":{"start":{"line":18,"column":0},"end":{"line":18,"column":35}},"18":{"start":{"line":19,"column":0},"end":{"line":19,"column":33}},"19":{"start":{"line":20,"column":0},"end":{"line":20,"column":53}},"20":{"start":{"line":21,"column":0},"end":{"line":21,"column":3}}},"s":{"0":1,"6":1,"7":1,"8":1,"9":1,"10":1,"14":1,"15":1,"16":1,"17":1,"18":1,"19":1,"20":1},"branchMap":{},"b":{},"fnMap":{},"f":{}}
,"/home/daniel/work/projects/Restaurant-POS/src/modules/daily-reports/service.ts": {"path":"/home/daniel/work/projects/Restaurant-POS/src/modules/daily-reports/service.ts","all":false,"statementMap":{"0":{"start":{"line":1,"column":0},"end":{"line":1,"column":8}},"25":{"start":{"line":26,"column":0},"end":{"line":26,"column":28}},"26":{"start":{"line":27,"column":0},"end":{"line":27,"column":50}},"27":{"start":{"line":28,"column":0},"end":{"line":28,"column":11}},"28":{"start":{"line":29,"column":0},"end":{"line":29,"column":34}},"29":{"start":{"line":30,"column":0},"end":{"line":30,"column":14}},"30":{"start":{"line":31,"column":0},"end":{"line":31,"column":49}},"31":{"start":{"line":32,"column":0},"end":{"line":32,"column":56}},"32":{"start":{"line":33,"column":0},"end":{"line":33,"column":21}},"33":{"start":{"line":34,"column":0},"end":{"line":34,"column":18}},"34":{"start":{"line":35,"column":0},"end":{"line":35,"column":53}},"35":{"start":{"line":36,"column":0},"end":{"line":36,"column":10}},"36":{"start":{"line":37,"column":0},"end":{"line":37,"column":8}},"37":{"start":{"line":38,"column":0},"end":{"line":38,"column":6}},"38":{"start":{"line":39,"column":0},"end":{"line":39,"column":4}},"39":{"start":{"line":40,"column":0},"end":{"line":40,"column":45}},"40":{"start":{"line":41,"column":0},"end":{"line":41,"column":38}},"48":{"start":{"line":49,"column":0},"end":{"line":49,"column":27}},"49":{"start":{"line":50,"column":0},"end":{"line":50,"column":25}},"50":{"start":{"line":51,"column":0},"end":{"line":51,"column":87}},"51":{"start":{"line":52,"column":0},"end":{"line":52,"column":1}},"79":{"start":{"line":80,"column":0},"end":{"line":80,"column":97}},"80":{"start":{"line":81,"column":0},"end":{"line":81,"column":22}},"83":{"start":{"line":84,"column":0},"end":{"line":84,"column":6}},"84":{"start":{"line":85,"column":0},"end":{"line":85,"column":33}},"85":{"start":{"line":86,"column":0},"end":{"line":86,"column":70}},"86":{"start":{"line":87,"column":0},"end":{"line":87,"column":29}},"87":{"start":{"line":88,"column":0},"end":{"line":88,"column":55}},"88":{"start":{"line":89,"column":0},"end":{"line":89,"column":36}},"89":{"start":{"line":90,"column":0},"end":{"line":90,"column":21}},"90":{"start":{"line":91,"column":0},"end":{"line":91,"column":46}},"91":{"start":{"line":92,"column":0},"end":{"line":92,"column":36}},"92":{"start":{"line":93,"column":0},"end":{"line":93,"column":14}},"93":{"start":{"line":94,"column":0},"end":{"line":94,"column":22}},"94":{"start":{"line":95,"column":0},"end":{"line":95,"column":39}},"95":{"start":{"line":96,"column":0},"end":{"line":96,"column":43}},"96":{"start":{"line":97,"column":0},"end":{"line":97,"column":37}},"97":{"start":{"line":98,"column":0},"end":{"line":98,"column":27}},"98":{"start":{"line":99,"column":0},"end":{"line":99,"column":11}},"99":{"start":{"line":100,"column":0},"end":{"line":100,"column":7}},"100":{"start":{"line":101,"column":0},"end":{"line":101,"column":5}},"101":{"start":{"line":102,"column":0},"end":{"line":102,"column":3}},"102":{"start":{"line":103,"column":0},"end":{"line":103,"column":61}},"103":{"start":{"line":104,"column":0},"end":{"line":104,"column":1}},"105":{"start":{"line":106,"column":0},"end":{"line":106,"column":29}},"106":{"start":{"line":107,"column":0},"end":{"line":107,"column":44}},"107":{"start":{"line":108,"column":0},"end":{"line":108,"column":20}},"108":{"start":{"line":109,"column":0},"end":{"line":109,"column":47}},"109":{"start":{"line":110,"column":0},"end":{"line":110,"column":33}},"110":{"start":{"line":111,"column":0},"end":{"line":111,"column":64}},"111":{"start":{"line":112,"column":0},"end":{"line":112,"column":29}},"112":{"start":{"line":113,"column":0},"end":{"line":113,"column":47}},"113":{"start":{"line":114,"column":0},"end":{"line":114,"column":21}},"114":{"start":{"line":115,"column":0},"end":{"line":115,"column":42}},"115":{"start":{"line":116,"column":0},"end":{"line":116,"column":36}},"116":{"start":{"line":117,"column":0},"end":{"line":117,"column":14}},"117":{"start":{"line":118,"column":0},"end":{"line":118,"column":44}},"118":{"start":{"line":119,"column":0},"end":{"line":119,"column":7}},"119":{"start":{"line":120,"column":0},"end":{"line":120,"column":5}},"120":{"start":{"line":121,"column":0},"end":{"line":121,"column":3}},"121":{"start":{"line":122,"column":0},"end":{"line":122,"column":32}},"122":{"start":{"line":123,"column":0},"end":{"line":123,"column":63}},"123":{"start":{"line":124,"column":0},"end":{"line":124,"column":4}},"124":{"start":{"line":125,"column":0},"end":{"line":125,"column":1}},"139":{"start":{"line":140,"column":0},"end":{"line":140,"column":33}},"140":{"start":{"line":141,"column":0},"end":{"line":141,"column":9}},"141":{"start":{"line":142,"column":0},"end":{"line":142,"column":17}},"142":{"start":{"line":143,"column":0},"end":{"line":143,"column":15}},"143":{"start":{"line":144,"column":0},"end":{"line":144,"column":28}},"144":{"start":{"line":145,"column":0},"end":{"line":145,"column":48}},"151":{"start":{"line":152,"column":0},"end":{"line":152,"column":35}},"152":{"start":{"line":153,"column":0},"end":{"line":153,"column":32}},"156":{"start":{"line":157,"column":0},"end":{"line":157,"column":27}},"157":{"start":{"line":158,"column":0},"end":{"line":158,"column":25}},"158":{"start":{"line":159,"column":0},"end":{"line":159,"column":31}},"159":{"start":{"line":160,"column":0},"end":{"line":160,"column":27}},"160":{"start":{"line":161,"column":0},"end":{"line":161,"column":6}},"161":{"start":{"line":162,"column":0},"end":{"line":162,"column":1}},"169":{"start":{"line":170,"column":0},"end":{"line":170,"column":35}},"170":{"start":{"line":171,"column":0},"end":{"line":171,"column":9}},"171":{"start":{"line":172,"column":0},"end":{"line":172,"column":24}},"172":{"start":{"line":173,"column":0},"end":{"line":173,"column":116}},"173":{"start":{"line":174,"column":0},"end":{"line":174,"column":18}},"174":{"start":{"line":175,"column":0},"end":{"line":175,"column":35}},"175":{"start":{"line":176,"column":0},"end":{"line":176,"column":70}},"176":{"start":{"line":177,"column":0},"end":{"line":177,"column":4}},"177":{"start":{"line":178,"column":0},"end":{"line":178,"column":38}},"179":{"start":{"line":180,"column":0},"end":{"line":180,"column":29}},"180":{"start":{"line":181,"column":0},"end":{"line":181,"column":34}},"181":{"start":{"line":182,"column":0},"end":{"line":182,"column":45}},"182":{"start":{"line":183,"column":0},"end":{"line":183,"column":39}},"183":{"start":{"line":184,"column":0},"end":{"line":184,"column":96}},"184":{"start":{"line":185,"column":0},"end":{"line":185,"column":83}},"185":{"start":{"line":186,"column":0},"end":{"line":186,"column":25}},"186":{"start":{"line":187,"column":0},"end":{"line":187,"column":37}},"187":{"start":{"line":188,"column":0},"end":{"line":188,"column":8}},"188":{"start":{"line":189,"column":0},"end":{"line":189,"column":5}},"189":{"start":{"line":190,"column":0},"end":{"line":190,"column":1}},"206":{"start":{"line":207,"column":0},"end":{"line":207,"column":39}},"207":{"start":{"line":208,"column":0},"end":{"line":208,"column":17}},"208":{"start":{"line":209,"column":0},"end":{"line":209,"column":31}},"209":{"start":{"line":210,"column":0},"end":{"line":210,"column":3}},"210":{"start":{"line":211,"column":0},"end":{"line":211,"column":30}},"211":{"start":{"line":212,"column":0},"end":{"line":212,"column":68}},"213":{"start":{"line":214,"column":0},"end":{"line":214,"column":44}},"217":{"start":{"line":218,"column":0},"end":{"line":218,"column":52}},"218":{"start":{"line":219,"column":0},"end":{"line":219,"column":14}},"219":{"start":{"line":220,"column":0},"end":{"line":220,"column":40}},"220":{"start":{"line":221,"column":0},"end":{"line":221,"column":49}},"221":{"start":{"line":222,"column":0},"end":{"line":222,"column":8}},"222":{"start":{"line":223,"column":0},"end":{"line":223,"column":7}},"223":{"start":{"line":224,"column":0},"end":{"line":224,"column":25}},"224":{"start":{"line":225,"column":0},"end":{"line":225,"column":30}},"225":{"start":{"line":226,"column":0},"end":{"line":226,"column":82}},"226":{"start":{"line":227,"column":0},"end":{"line":227,"column":8}},"227":{"start":{"line":228,"column":0},"end":{"line":228,"column":5}},"233":{"start":{"line":234,"column":0},"end":{"line":234,"column":56}},"234":{"start":{"line":235,"column":0},"end":{"line":235,"column":14}},"235":{"start":{"line":236,"column":0},"end":{"line":236,"column":49}},"236":{"start":{"line":237,"column":0},"end":{"line":237,"column":8}},"237":{"start":{"line":238,"column":0},"end":{"line":238,"column":36}},"238":{"start":{"line":239,"column":0},"end":{"line":239,"column":7}},"239":{"start":{"line":240,"column":0},"end":{"line":240,"column":36}},"240":{"start":{"line":241,"column":0},"end":{"line":241,"column":58}},"241":{"start":{"line":242,"column":0},"end":{"line":242,"column":5}},"245":{"start":{"line":246,"column":0},"end":{"line":246,"column":58}},"246":{"start":{"line":247,"column":0},"end":{"line":247,"column":14}},"247":{"start":{"line":248,"column":0},"end":{"line":248,"column":64}},"248":{"start":{"line":249,"column":0},"end":{"line":249,"column":8}},"249":{"start":{"line":250,"column":0},"end":{"line":250,"column":15}},"250":{"start":{"line":251,"column":0},"end":{"line":251,"column":17}},"251":{"start":{"line":252,"column":0},"end":{"line":252,"column":19}},"252":{"start":{"line":253,"column":0},"end":{"line":253,"column":26}},"253":{"start":{"line":254,"column":0},"end":{"line":254,"column":22}},"254":{"start":{"line":255,"column":0},"end":{"line":255,"column":41}},"255":{"start":{"line":256,"column":0},"end":{"line":256,"column":8}},"256":{"start":{"line":257,"column":0},"end":{"line":257,"column":7}},"259":{"start":{"line":260,"column":0},"end":{"line":260,"column":24}},"260":{"start":{"line":261,"column":0},"end":{"line":261,"column":22}},"261":{"start":{"line":262,"column":0},"end":{"line":262,"column":18}},"262":{"start":{"line":263,"column":0},"end":{"line":263,"column":23}},"263":{"start":{"line":264,"column":0},"end":{"line":264,"column":23}},"264":{"start":{"line":265,"column":0},"end":{"line":265,"column":22}},"265":{"start":{"line":266,"column":0},"end":{"line":266,"column":26}},"266":{"start":{"line":267,"column":0},"end":{"line":267,"column":26}},"267":{"start":{"line":268,"column":0},"end":{"line":268,"column":23}},"268":{"start":{"line":269,"column":0},"end":{"line":269,"column":23}},"269":{"start":{"line":270,"column":0},"end":{"line":270,"column":27}},"270":{"start":{"line":271,"column":0},"end":{"line":271,"column":24}},"271":{"start":{"line":272,"column":0},"end":{"line":272,"column":33}},"272":{"start":{"line":273,"column":0},"end":{"line":273,"column":26}},"273":{"start":{"line":274,"column":0},"end":{"line":274,"column":27}},"274":{"start":{"line":275,"column":0},"end":{"line":275,"column":32}},"275":{"start":{"line":276,"column":0},"end":{"line":276,"column":32}},"276":{"start":{"line":277,"column":0},"end":{"line":277,"column":30}},"277":{"start":{"line":278,"column":0},"end":{"line":278,"column":30}},"278":{"start":{"line":279,"column":0},"end":{"line":279,"column":32}},"280":{"start":{"line":281,"column":0},"end":{"line":281,"column":35}},"281":{"start":{"line":282,"column":0},"end":{"line":282,"column":35}},"282":{"start":{"line":283,"column":0},"end":{"line":283,"column":31}},"283":{"start":{"line":284,"column":0},"end":{"line":284,"column":23}},"284":{"start":{"line":285,"column":0},"end":{"line":285,"column":33}},"285":{"start":{"line":286,"column":0},"end":{"line":286,"column":33}},"286":{"start":{"line":287,"column":0},"end":{"line":287,"column":31}},"287":{"start":{"line":288,"column":0},"end":{"line":288,"column":39}},"288":{"start":{"line":289,"column":0},"end":{"line":289,"column":39}},"289":{"start":{"line":290,"column":0},"end":{"line":290,"column":33}},"290":{"start":{"line":291,"column":0},"end":{"line":291,"column":33}},"291":{"start":{"line":292,"column":0},"end":{"line":292,"column":41}},"292":{"start":{"line":293,"column":0},"end":{"line":293,"column":35}},"293":{"start":{"line":294,"column":0},"end":{"line":294,"column":47}},"294":{"start":{"line":295,"column":0},"end":{"line":295,"column":33}},"295":{"start":{"line":296,"column":0},"end":{"line":296,"column":35}},"296":{"start":{"line":297,"column":0},"end":{"line":297,"column":45}},"297":{"start":{"line":298,"column":0},"end":{"line":298,"column":35}},"298":{"start":{"line":299,"column":0},"end":{"line":299,"column":31}},"299":{"start":{"line":300,"column":0},"end":{"line":300,"column":43}},"300":{"start":{"line":301,"column":0},"end":{"line":301,"column":7}},"301":{"start":{"line":302,"column":0},"end":{"line":302,"column":37}},"302":{"start":{"line":303,"column":0},"end":{"line":303,"column":29}},"303":{"start":{"line":304,"column":0},"end":{"line":304,"column":47}},"304":{"start":{"line":305,"column":0},"end":{"line":305,"column":7}},"305":{"start":{"line":306,"column":0},"end":{"line":306,"column":5}},"309":{"start":{"line":310,"column":0},"end":{"line":310,"column":87}},"312":{"start":{"line":313,"column":0},"end":{"line":313,"column":64}},"313":{"start":{"line":314,"column":0},"end":{"line":314,"column":61}},"314":{"start":{"line":315,"column":0},"end":{"line":315,"column":53}},"319":{"start":{"line":320,"column":0},"end":{"line":320,"column":47}},"320":{"start":{"line":321,"column":0},"end":{"line":321,"column":71}},"321":{"start":{"line":322,"column":0},"end":{"line":322,"column":19}},"324":{"start":{"line":325,"column":0},"end":{"line":325,"column":72}},"325":{"start":{"line":326,"column":0},"end":{"line":326,"column":40}},"326":{"start":{"line":327,"column":0},"end":{"line":327,"column":43}},"327":{"start":{"line":328,"column":0},"end":{"line":328,"column":35}},"328":{"start":{"line":329,"column":0},"end":{"line":329,"column":35}},"329":{"start":{"line":330,"column":0},"end":{"line":330,"column":35}},"330":{"start":{"line":331,"column":0},"end":{"line":331,"column":38}},"331":{"start":{"line":332,"column":0},"end":{"line":332,"column":43}},"332":{"start":{"line":333,"column":0},"end":{"line":333,"column":43}},"333":{"start":{"line":334,"column":0},"end":{"line":334,"column":7}},"334":{"start":{"line":335,"column":0},"end":{"line":335,"column":28}},"335":{"start":{"line":336,"column":0},"end":{"line":336,"column":31}},"336":{"start":{"line":337,"column":0},"end":{"line":337,"column":5}},"339":{"start":{"line":340,"column":0},"end":{"line":340,"column":45}},"340":{"start":{"line":341,"column":0},"end":{"line":341,"column":95}},"341":{"start":{"line":342,"column":0},"end":{"line":342,"column":59}},"342":{"start":{"line":343,"column":0},"end":{"line":343,"column":102}},"348":{"start":{"line":349,"column":0},"end":{"line":349,"column":53}},"349":{"start":{"line":350,"column":0},"end":{"line":350,"column":13}},"350":{"start":{"line":351,"column":0},"end":{"line":351,"column":23}},"351":{"start":{"line":352,"column":0},"end":{"line":352,"column":41}},"352":{"start":{"line":353,"column":0},"end":{"line":353,"column":20}},"353":{"start":{"line":354,"column":0},"end":{"line":354,"column":18}},"354":{"start":{"line":355,"column":0},"end":{"line":355,"column":14}},"355":{"start":{"line":356,"column":0},"end":{"line":356,"column":19}},"356":{"start":{"line":357,"column":0},"end":{"line":357,"column":19}},"357":{"start":{"line":358,"column":0},"end":{"line":358,"column":18}},"358":{"start":{"line":359,"column":0},"end":{"line":359,"column":22}},"359":{"start":{"line":360,"column":0},"end":{"line":360,"column":22}},"360":{"start":{"line":361,"column":0},"end":{"line":361,"column":19}},"361":{"start":{"line":362,"column":0},"end":{"line":362,"column":19}},"362":{"start":{"line":363,"column":0},"end":{"line":363,"column":19}},"363":{"start":{"line":364,"column":0},"end":{"line":364,"column":23}},"364":{"start":{"line":365,"column":0},"end":{"line":365,"column":20}},"365":{"start":{"line":366,"column":0},"end":{"line":366,"column":29}},"366":{"start":{"line":367,"column":0},"end":{"line":367,"column":22}},"367":{"start":{"line":368,"column":0},"end":{"line":368,"column":23}},"368":{"start":{"line":369,"column":0},"end":{"line":369,"column":28}},"369":{"start":{"line":370,"column":0},"end":{"line":370,"column":70}},"370":{"start":{"line":371,"column":0},"end":{"line":371,"column":72}},"371":{"start":{"line":372,"column":0},"end":{"line":372,"column":80}},"372":{"start":{"line":373,"column":0},"end":{"line":373,"column":71}},"373":{"start":{"line":374,"column":0},"end":{"line":374,"column":77}},"374":{"start":{"line":375,"column":0},"end":{"line":375,"column":73}},"375":{"start":{"line":376,"column":0},"end":{"line":376,"column":21}},"376":{"start":{"line":377,"column":0},"end":{"line":377,"column":27}},"377":{"start":{"line":378,"column":0},"end":{"line":378,"column":32}},"378":{"start":{"line":379,"column":0},"end":{"line":379,"column":18}},"379":{"start":{"line":380,"column":0},"end":{"line":380,"column":21}},"380":{"start":{"line":381,"column":0},"end":{"line":381,"column":29}},"381":{"start":{"line":382,"column":0},"end":{"line":382,"column":30}},"382":{"start":{"line":383,"column":0},"end":{"line":383,"column":27}},"383":{"start":{"line":384,"column":0},"end":{"line":384,"column":8}},"384":{"start":{"line":385,"column":0},"end":{"line":385,"column":7}},"389":{"start":{"line":390,"column":0},"end":{"line":390,"column":38}},"390":{"start":{"line":391,"column":0},"end":{"line":391,"column":60}},"391":{"start":{"line":392,"column":0},"end":{"line":392,"column":48}},"392":{"start":{"line":393,"column":0},"end":{"line":393,"column":7}},"394":{"start":{"line":395,"column":0},"end":{"line":395,"column":65}},"396":{"start":{"line":397,"column":0},"end":{"line":397,"column":45}},"397":{"start":{"line":398,"column":0},"end":{"line":398,"column":36}},"398":{"start":{"line":399,"column":0},"end":{"line":399,"column":34}},"399":{"start":{"line":400,"column":0},"end":{"line":400,"column":7}},"400":{"start":{"line":401,"column":0},"end":{"line":401,"column":5}},"401":{"start":{"line":402,"column":0},"end":{"line":402,"column":1}},"403":{"start":{"line":404,"column":0},"end":{"line":404,"column":69}},"404":{"start":{"line":405,"column":0},"end":{"line":405,"column":47}},"405":{"start":{"line":406,"column":0},"end":{"line":406,"column":54}},"406":{"start":{"line":407,"column":0},"end":{"line":407,"column":30}},"407":{"start":{"line":408,"column":0},"end":{"line":408,"column":9}},"408":{"start":{"line":409,"column":0},"end":{"line":409,"column":17}},"409":{"start":{"line":410,"column":0},"end":{"line":410,"column":55}},"410":{"start":{"line":411,"column":0},"end":{"line":411,"column":51}},"411":{"start":{"line":412,"column":0},"end":{"line":412,"column":12}},"412":{"start":{"line":413,"column":0},"end":{"line":413,"column":9}},"413":{"start":{"line":414,"column":0},"end":{"line":414,"column":12}},"414":{"start":{"line":415,"column":0},"end":{"line":415,"column":4}},"415":{"start":{"line":416,"column":0},"end":{"line":416,"column":50}},"416":{"start":{"line":417,"column":0},"end":{"line":417,"column":10}},"417":{"start":{"line":418,"column":0},"end":{"line":418,"column":47}},"418":{"start":{"line":419,"column":0},"end":{"line":419,"column":32}},"419":{"start":{"line":420,"column":0},"end":{"line":420,"column":30}},"420":{"start":{"line":421,"column":0},"end":{"line":421,"column":5}},"421":{"start":{"line":422,"column":0},"end":{"line":422,"column":41}},"422":{"start":{"line":423,"column":0},"end":{"line":423,"column":1}},"424":{"start":{"line":425,"column":0},"end":{"line":425,"column":50}},"425":{"start":{"line":426,"column":0},"end":{"line":426,"column":51}},"426":{"start":{"line":427,"column":0},"end":{"line":427,"column":18}},"427":{"start":{"line":428,"column":0},"end":{"line":428,"column":32}},"428":{"start":{"line":429,"column":0},"end":{"line":429,"column":5}},"429":{"start":{"line":430,"column":0},"end":{"line":430,"column":51}},"430":{"start":{"line":431,"column":0},"end":{"line":431,"column":13}},"431":{"start":{"line":432,"column":0},"end":{"line":432,"column":1}},"435":{"start":{"line":436,"column":0},"end":{"line":436,"column":47}},"436":{"start":{"line":437,"column":0},"end":{"line":437,"column":15}},"437":{"start":{"line":438,"column":0},"end":{"line":438,"column":14}},"438":{"start":{"line":439,"column":0},"end":{"line":439,"column":14}},"439":{"start":{"line":440,"column":0},"end":{"line":440,"column":16}},"440":{"start":{"line":441,"column":0},"end":{"line":441,"column":15}},"441":{"start":{"line":442,"column":0},"end":{"line":442,"column":2}},"443":{"start":{"line":444,"column":0},"end":{"line":444,"column":45}},"444":{"start":{"line":445,"column":0},"end":{"line":445,"column":55}},"445":{"start":{"line":446,"column":0},"end":{"line":446,"column":76}},"446":{"start":{"line":447,"column":0},"end":{"line":447,"column":1}},"448":{"start":{"line":449,"column":0},"end":{"line":449,"column":61}},"449":{"start":{"line":450,"column":0},"end":{"line":450,"column":62}},"450":{"start":{"line":451,"column":0},"end":{"line":451,"column":31}},"451":{"start":{"line":452,"column":0},"end":{"line":452,"column":1}},"453":{"start":{"line":454,"column":0},"end":{"line":454,"column":67}},"454":{"start":{"line":455,"column":0},"end":{"line":455,"column":62}},"455":{"start":{"line":456,"column":0},"end":{"line":456,"column":55}},"456":{"start":{"line":457,"column":0},"end":{"line":457,"column":31}},"457":{"start":{"line":458,"column":0},"end":{"line":458,"column":1}},"459":{"start":{"line":460,"column":0},"end":{"line":460,"column":44}},"460":{"start":{"line":461,"column":0},"end":{"line":461,"column":47}},"461":{"start":{"line":462,"column":0},"end":{"line":462,"column":1}},"463":{"start":{"line":464,"column":0},"end":{"line":464,"column":40}},"464":{"start":{"line":465,"column":0},"end":{"line":465,"column":34}},"465":{"start":{"line":466,"column":0},"end":{"line":466,"column":60}},"466":{"start":{"line":467,"column":0},"end":{"line":467,"column":55}},"467":{"start":{"line":468,"column":0},"end":{"line":468,"column":26}},"468":{"start":{"line":469,"column":0},"end":{"line":469,"column":1}},"470":{"start":{"line":471,"column":0},"end":{"line":471,"column":44}},"471":{"start":{"line":472,"column":0},"end":{"line":472,"column":35}},"472":{"start":{"line":473,"column":0},"end":{"line":473,"column":56}},"473":{"start":{"line":474,"column":0},"end":{"line":474,"column":59}},"474":{"start":{"line":475,"column":0},"end":{"line":475,"column":38}},"475":{"start":{"line":476,"column":0},"end":{"line":476,"column":1}},"477":{"start":{"line":478,"column":0},"end":{"line":478,"column":40}},"478":{"start":{"line":479,"column":0},"end":{"line":479,"column":56}},"479":{"start":{"line":480,"column":0},"end":{"line":480,"column":59}},"480":{"start":{"line":481,"column":0},"end":{"line":481,"column":22}},"481":{"start":{"line":482,"column":0},"end":{"line":482,"column":1}},"483":{"start":{"line":484,"column":0},"end":{"line":484,"column":42}},"484":{"start":{"line":485,"column":0},"end":{"line":485,"column":47}},"485":{"start":{"line":486,"column":0},"end":{"line":486,"column":1}},"487":{"start":{"line":488,"column":0},"end":{"line":488,"column":54}},"488":{"start":{"line":489,"column":0},"end":{"line":489,"column":11}},"489":{"start":{"line":490,"column":0},"end":{"line":490,"column":14}},"490":{"start":{"line":491,"column":0},"end":{"line":491,"column":13}},"491":{"start":{"line":492,"column":0},"end":{"line":492,"column":18}},"492":{"start":{"line":493,"column":0},"end":{"line":493,"column":2}},"494":{"start":{"line":495,"column":0},"end":{"line":495,"column":47}},"495":{"start":{"line":496,"column":0},"end":{"line":496,"column":14}},"496":{"start":{"line":497,"column":0},"end":{"line":497,"column":57}},"497":{"start":{"line":498,"column":0},"end":{"line":498,"column":55}},"498":{"start":{"line":499,"column":0},"end":{"line":499,"column":67}},"499":{"start":{"line":500,"column":0},"end":{"line":500,"column":61}},"500":{"start":{"line":501,"column":0},"end":{"line":501,"column":69}},"501":{"start":{"line":502,"column":0},"end":{"line":502,"column":75}},"502":{"start":{"line":503,"column":0},"end":{"line":503,"column":49}},"503":{"start":{"line":504,"column":0},"end":{"line":504,"column":3}},"504":{"start":{"line":505,"column":0},"end":{"line":505,"column":1}},"510":{"start":{"line":511,"column":0},"end":{"line":511,"column":48}},"511":{"start":{"line":512,"column":0},"end":{"line":512,"column":48}},"512":{"start":{"line":513,"column":0},"end":{"line":513,"column":12}},"513":{"start":{"line":514,"column":0},"end":{"line":514,"column":1}},"523":{"start":{"line":524,"column":0},"end":{"line":524,"column":74}},"524":{"start":{"line":525,"column":0},"end":{"line":525,"column":42}},"526":{"start":{"line":527,"column":0},"end":{"line":527,"column":61}},"527":{"start":{"line":528,"column":0},"end":{"line":528,"column":43}},"528":{"start":{"line":529,"column":0},"end":{"line":529,"column":46}},"529":{"start":{"line":530,"column":0},"end":{"line":530,"column":5}},"531":{"start":{"line":532,"column":0},"end":{"line":532,"column":60}},"532":{"start":{"line":533,"column":0},"end":{"line":533,"column":49}},"534":{"start":{"line":535,"column":0},"end":{"line":535,"column":74}},"535":{"start":{"line":536,"column":0},"end":{"line":536,"column":81}},"536":{"start":{"line":537,"column":0},"end":{"line":537,"column":87}},"537":{"start":{"line":538,"column":0},"end":{"line":538,"column":62}},"540":{"start":{"line":541,"column":0},"end":{"line":541,"column":22}},"543":{"start":{"line":544,"column":0},"end":{"line":544,"column":53}},"544":{"start":{"line":545,"column":0},"end":{"line":545,"column":77}},"547":{"start":{"line":548,"column":0},"end":{"line":548,"column":72}},"548":{"start":{"line":549,"column":0},"end":{"line":549,"column":69}},"549":{"start":{"line":550,"column":0},"end":{"line":550,"column":62}},"554":{"start":{"line":555,"column":0},"end":{"line":555,"column":28}},"559":{"start":{"line":560,"column":0},"end":{"line":560,"column":88}},"560":{"start":{"line":561,"column":0},"end":{"line":561,"column":85}},"561":{"start":{"line":562,"column":0},"end":{"line":562,"column":77}},"562":{"start":{"line":563,"column":0},"end":{"line":563,"column":131}},"563":{"start":{"line":564,"column":0},"end":{"line":564,"column":98}},"564":{"start":{"line":565,"column":0},"end":{"line":565,"column":92}},"565":{"start":{"line":566,"column":0},"end":{"line":566,"column":150}},"571":{"start":{"line":572,"column":0},"end":{"line":572,"column":106}},"572":{"start":{"line":573,"column":0},"end":{"line":573,"column":24}},"577":{"start":{"line":578,"column":0},"end":{"line":578,"column":80}},"578":{"start":{"line":579,"column":0},"end":{"line":579,"column":80}},"579":{"start":{"line":580,"column":0},"end":{"line":580,"column":88}},"580":{"start":{"line":581,"column":0},"end":{"line":581,"column":117}},"581":{"start":{"line":582,"column":0},"end":{"line":582,"column":99}},"587":{"start":{"line":588,"column":0},"end":{"line":588,"column":25}},"592":{"start":{"line":593,"column":0},"end":{"line":593,"column":93}},"593":{"start":{"line":594,"column":0},"end":{"line":594,"column":86}},"594":{"start":{"line":595,"column":0},"end":{"line":595,"column":86}},"595":{"start":{"line":596,"column":0},"end":{"line":596,"column":89}},"596":{"start":{"line":597,"column":0},"end":{"line":597,"column":107}},"597":{"start":{"line":598,"column":0},"end":{"line":598,"column":99}},"598":{"start":{"line":599,"column":0},"end":{"line":599,"column":171}},"599":{"start":{"line":600,"column":0},"end":{"line":600,"column":92}},"606":{"start":{"line":607,"column":0},"end":{"line":607,"column":51}},"607":{"start":{"line":608,"column":0},"end":{"line":608,"column":68}},"608":{"start":{"line":609,"column":0},"end":{"line":609,"column":32}},"609":{"start":{"line":610,"column":0},"end":{"line":610,"column":34}},"610":{"start":{"line":611,"column":0},"end":{"line":611,"column":63}},"611":{"start":{"line":612,"column":0},"end":{"line":612,"column":67}},"612":{"start":{"line":613,"column":0},"end":{"line":613,"column":51}},"613":{"start":{"line":614,"column":0},"end":{"line":614,"column":103}},"614":{"start":{"line":615,"column":0},"end":{"line":615,"column":16}},"615":{"start":{"line":616,"column":0},"end":{"line":616,"column":60}},"617":{"start":{"line":618,"column":0},"end":{"line":618,"column":48}},"618":{"start":{"line":619,"column":0},"end":{"line":619,"column":85}},"619":{"start":{"line":620,"column":0},"end":{"line":620,"column":87}},"621":{"start":{"line":622,"column":0},"end":{"line":622,"column":58}},"622":{"start":{"line":623,"column":0},"end":{"line":623,"column":78}},"623":{"start":{"line":624,"column":0},"end":{"line":624,"column":66}},"624":{"start":{"line":625,"column":0},"end":{"line":625,"column":70}},"625":{"start":{"line":626,"column":0},"end":{"line":626,"column":66}},"626":{"start":{"line":627,"column":0},"end":{"line":627,"column":72}},"628":{"start":{"line":629,"column":0},"end":{"line":629,"column":18}},"630":{"start":{"line":631,"column":0},"end":{"line":631,"column":22}},"632":{"start":{"line":633,"column":0},"end":{"line":633,"column":203}},"641":{"start":{"line":642,"column":0},"end":{"line":642,"column":40}},"646":{"start":{"line":647,"column":0},"end":{"line":647,"column":52}},"647":{"start":{"line":648,"column":0},"end":{"line":648,"column":75}},"648":{"start":{"line":649,"column":0},"end":{"line":649,"column":29}},"650":{"start":{"line":651,"column":0},"end":{"line":651,"column":49}},"651":{"start":{"line":652,"column":0},"end":{"line":652,"column":58}},"652":{"start":{"line":653,"column":0},"end":{"line":653,"column":48}},"653":{"start":{"line":654,"column":0},"end":{"line":654,"column":25}},"655":{"start":{"line":656,"column":0},"end":{"line":656,"column":26}},"660":{"start":{"line":661,"column":0},"end":{"line":661,"column":44}},"665":{"start":{"line":666,"column":0},"end":{"line":666,"column":46}},"666":{"start":{"line":667,"column":0},"end":{"line":667,"column":66}},"667":{"start":{"line":668,"column":0},"end":{"line":668,"column":30}},"669":{"start":{"line":670,"column":0},"end":{"line":670,"column":48}},"670":{"start":{"line":671,"column":0},"end":{"line":671,"column":56}},"671":{"start":{"line":672,"column":0},"end":{"line":672,"column":48}},"672":{"start":{"line":673,"column":0},"end":{"line":673,"column":25}},"673":{"start":{"line":674,"column":0},"end":{"line":674,"column":52}},"674":{"start":{"line":675,"column":0},"end":{"line":675,"column":66}},"675":{"start":{"line":676,"column":0},"end":{"line":676,"column":33}},"677":{"start":{"line":678,"column":0},"end":{"line":678,"column":48}},"678":{"start":{"line":679,"column":0},"end":{"line":679,"column":56}},"679":{"start":{"line":680,"column":0},"end":{"line":680,"column":48}},"680":{"start":{"line":681,"column":0},"end":{"line":681,"column":25}},"682":{"start":{"line":683,"column":0},"end":{"line":683,"column":24}},"688":{"start":{"line":689,"column":0},"end":{"line":689,"column":39}},"695":{"start":{"line":696,"column":0},"end":{"line":696,"column":42}},"701":{"start":{"line":702,"column":0},"end":{"line":702,"column":44}},"702":{"start":{"line":703,"column":0},"end":{"line":703,"column":73}},"703":{"start":{"line":704,"column":0},"end":{"line":704,"column":25}},"704":{"start":{"line":705,"column":0},"end":{"line":705,"column":49}},"705":{"start":{"line":706,"column":0},"end":{"line":706,"column":52}},"706":{"start":{"line":707,"column":0},"end":{"line":707,"column":123}},"707":{"start":{"line":708,"column":0},"end":{"line":708,"column":16}},"709":{"start":{"line":710,"column":0},"end":{"line":710,"column":60}},"710":{"start":{"line":711,"column":0},"end":{"line":711,"column":57}},"711":{"start":{"line":712,"column":0},"end":{"line":712,"column":50}},"713":{"start":{"line":714,"column":0},"end":{"line":714,"column":18}},"715":{"start":{"line":716,"column":0},"end":{"line":716,"column":22}},"720":{"start":{"line":721,"column":0},"end":{"line":721,"column":40}},"725":{"start":{"line":726,"column":0},"end":{"line":726,"column":75}},"726":{"start":{"line":727,"column":0},"end":{"line":727,"column":50}},"727":{"start":{"line":728,"column":0},"end":{"line":728,"column":48}},"728":{"start":{"line":729,"column":0},"end":{"line":729,"column":46}},"729":{"start":{"line":730,"column":0},"end":{"line":730,"column":15}},"730":{"start":{"line":731,"column":0},"end":{"line":731,"column":8}},"731":{"start":{"line":732,"column":0},"end":{"line":732,"column":4}},"732":{"start":{"line":733,"column":0},"end":{"line":733,"column":51}},"734":{"start":{"line":735,"column":0},"end":{"line":735,"column":47}},"735":{"start":{"line":736,"column":0},"end":{"line":736,"column":68}},"736":{"start":{"line":737,"column":0},"end":{"line":737,"column":46}},"737":{"start":{"line":738,"column":0},"end":{"line":738,"column":52}},"738":{"start":{"line":739,"column":0},"end":{"line":739,"column":115}},"739":{"start":{"line":740,"column":0},"end":{"line":740,"column":56}},"740":{"start":{"line":741,"column":0},"end":{"line":741,"column":39}},"741":{"start":{"line":742,"column":0},"end":{"line":742,"column":43}},"742":{"start":{"line":743,"column":0},"end":{"line":743,"column":109}},"743":{"start":{"line":744,"column":0},"end":{"line":744,"column":25}},"745":{"start":{"line":746,"column":0},"end":{"line":746,"column":22}},"747":{"start":{"line":748,"column":0},"end":{"line":748,"column":86}},"750":{"start":{"line":751,"column":0},"end":{"line":751,"column":40}},"755":{"start":{"line":756,"column":0},"end":{"line":756,"column":32}},"756":{"start":{"line":757,"column":0},"end":{"line":757,"column":7}},"759":{"start":{"line":760,"column":0},"end":{"line":760,"column":54}},"761":{"start":{"line":762,"column":0},"end":{"line":762,"column":9}},"764":{"start":{"line":765,"column":0},"end":{"line":765,"column":76}},"765":{"start":{"line":766,"column":0},"end":{"line":766,"column":49}},"766":{"start":{"line":767,"column":0},"end":{"line":767,"column":48}},"767":{"start":{"line":768,"column":0},"end":{"line":768,"column":22}},"769":{"start":{"line":770,"column":0},"end":{"line":770,"column":77}},"770":{"start":{"line":771,"column":0},"end":{"line":771,"column":56}},"773":{"start":{"line":774,"column":0},"end":{"line":774,"column":18}},"954":{"start":{"line":955,"column":0},"end":{"line":955,"column":25}},"958":{"start":{"line":959,"column":0},"end":{"line":959,"column":107}},"960":{"start":{"line":961,"column":0},"end":{"line":961,"column":24}},"968":{"start":{"line":969,"column":0},"end":{"line":969,"column":15}},"969":{"start":{"line":970,"column":0},"end":{"line":970,"column":21}},"970":{"start":{"line":971,"column":0},"end":{"line":971,"column":17}},"971":{"start":{"line":972,"column":0},"end":{"line":972,"column":18}},"972":{"start":{"line":973,"column":0},"end":{"line":973,"column":15}},"973":{"start":{"line":974,"column":0},"end":{"line":974,"column":19}},"974":{"start":{"line":975,"column":0},"end":{"line":975,"column":17}},"975":{"start":{"line":976,"column":0},"end":{"line":976,"column":15}},"976":{"start":{"line":977,"column":0},"end":{"line":977,"column":15}},"977":{"start":{"line":978,"column":0},"end":{"line":978,"column":14}},"978":{"start":{"line":979,"column":0},"end":{"line":979,"column":15}},"982":{"start":{"line":983,"column":0},"end":{"line":983,"column":1}}},"s":{"0":1,"25":1,"26":1,"27":1,"28":1,"29":1,"30":1,"31":1,"32":1,"33":1,"34":1,"35":1,"36":1,"37":1,"38":1,"39":1,"40":1,"48":19,"49":19,"50":19,"51":19,"79":15,"80":15,"83":15,"84":15,"85":21,"86":21,"87":7,"88":7,"89":7,"90":2,"91":2,"92":6,"93":5,"94":5,"95":5,"96":5,"97":5,"98":5,"99":5,"100":7,"101":21,"102":15,"103":15,"105":15,"106":15,"107":15,"108":15,"109":15,"110":21,"111":21,"112":7,"113":7,"114":2,"115":2,"116":6,"117":5,"118":5,"119":7,"120":21,"121":15,"122":15,"123":15,"124":15,"139":15,"140":15,"141":15,"142":15,"143":15,"144":15,"151":15,"152":15,"156":15,"157":5,"158":5,"159":5,"160":15,"161":15,"169":13,"170":13,"171":13,"172":13,"173":13,"174":13,"175":13,"176":13,"177":13,"179":3,"180":3,"181":3,"182":3,"183":3,"184":3,"185":3,"186":3,"187":3,"188":3,"189":3,"206":19,"207":19,"208":19,"209":19,"210":19,"211":19,"213":19,"217":19,"218":19,"219":19,"220":19,"221":19,"222":19,"223":19,"224":2,"225":2,"226":2,"227":2,"233":17,"234":17,"235":17,"236":17,"237":17,"238":17,"239":18,"240":2,"241":2,"245":15,"246":15,"247":15,"248":15,"249":15,"250":15,"251":15,"252":15,"253":15,"254":15,"255":15,"256":15,"259":15,"260":15,"261":15,"262":15,"263":15,"264":15,"265":15,"266":15,"267":15,"268":15,"269":15,"270":15,"271":15,"272":15,"273":15,"274":15,"275":15,"276":15,"277":15,"278":15,"280":17,"281":21,"282":21,"283":21,"284":21,"285":21,"286":21,"287":21,"288":21,"289":21,"290":21,"291":21,"292":21,"293":21,"294":21,"295":21,"296":21,"297":21,"298":21,"299":21,"300":21,"301":21,"302":21,"303":21,"304":21,"305":21,"309":19,"312":19,"313":19,"314":19,"319":19,"320":19,"321":19,"324":19,"325":15,"326":15,"327":17,"328":5,"329":5,"330":5,"331":5,"332":5,"333":5,"334":5,"335":5,"336":5,"339":15,"340":15,"341":15,"342":15,"348":15,"349":15,"350":15,"351":15,"352":15,"353":15,"354":15,"355":15,"356":15,"357":15,"358":15,"359":15,"360":15,"361":15,"362":15,"363":15,"364":15,"365":15,"366":15,"367":15,"368":15,"369":19,"370":19,"371":19,"372":19,"373":19,"374":19,"375":19,"376":19,"377":19,"378":19,"379":19,"380":19,"381":19,"382":19,"383":19,"384":19,"389":13,"390":13,"391":13,"392":13,"394":13,"396":13,"397":13,"398":13,"399":13,"400":19,"401":19,"403":1,"404":1,"405":1,"406":1,"407":0,"408":0,"409":0,"410":0,"411":0,"412":0,"413":1,"414":1,"415":1,"416":1,"417":1,"418":1,"419":1,"420":1,"421":1,"422":1,"424":3,"425":3,"426":3,"427":3,"428":3,"429":3,"430":2,"431":2,"435":1,"436":1,"437":1,"438":1,"439":1,"440":1,"441":1,"443":27,"444":27,"445":27,"446":27,"448":23,"449":23,"450":23,"451":23,"453":2,"454":2,"455":2,"456":2,"457":2,"459":2,"460":2,"461":2,"463":4,"464":4,"465":4,"466":4,"467":4,"468":4,"470":2,"471":2,"472":2,"473":2,"474":2,"475":2,"477":2,"478":2,"479":2,"480":2,"481":2,"483":1,"484":1,"485":1,"487":1,"488":1,"489":1,"490":1,"491":1,"492":1,"494":0,"495":0,"496":0,"497":0,"498":0,"499":0,"500":0,"501":0,"502":0,"503":0,"504":0,"510":4,"511":4,"512":0,"513":0,"523":1,"524":1,"526":1,"527":1,"528":1,"529":1,"531":1,"532":1,"534":1,"535":1,"536":1,"537":1,"540":1,"543":1,"544":1,"547":1,"548":1,"549":1,"554":1,"559":1,"560":1,"561":1,"562":1,"563":1,"564":1,"565":1,"571":1,"572":1,"577":1,"578":1,"579":1,"580":1,"581":1,"587":1,"592":1,"593":1,"594":1,"595":1,"596":1,"597":1,"598":1,"599":1,"606":1,"607":0,"608":1,"609":1,"610":1,"611":1,"612":1,"613":1,"614":1,"615":1,"617":1,"618":1,"619":1,"621":1,"622":1,"623":1,"624":1,"625":1,"626":1,"628":1,"630":1,"632":1,"641":1,"646":1,"647":0,"648":1,"650":1,"651":1,"652":1,"653":1,"655":1,"660":1,"665":1,"666":0,"667":1,"669":1,"670":1,"671":1,"672":1,"673":1,"674":0,"675":1,"677":1,"678":1,"679":1,"680":1,"682":1,"688":1,"695":1,"701":1,"702":0,"703":1,"704":1,"705":1,"706":1,"707":1,"709":1,"710":1,"711":1,"713":1,"715":1,"720":1,"725":1,"726":1,"727":1,"728":0,"729":0,"730":1,"731":1,"732":1,"734":1,"735":1,"736":0,"737":0,"738":0,"739":0,"740":0,"741":0,"742":0,"743":0,"745":1,"747":1,"750":1,"755":1,"756":1,"759":1,"761":0,"764":1,"765":1,"766":1,"767":1,"769":1,"770":1,"773":1,"954":1,"958":1,"960":1,"968":1,"969":1,"970":1,"971":1,"972":1,"973":1,"974":1,"975":1,"976":1,"977":1,"978":1,"982":1},"branchMap":{"0":{"type":"branch","line":49,"loc":{"start":{"line":49,"column":0},"end":{"line":52,"column":1}},"locations":[{"start":{"line":49,"column":0},"end":{"line":52,"column":1}}]},"1":{"type":"branch","line":80,"loc":{"start":{"line":80,"column":0},"end":{"line":104,"column":1}},"locations":[{"start":{"line":80,"column":0},"end":{"line":104,"column":1}}]},"2":{"type":"branch","line":85,"loc":{"start":{"line":85,"column":32},"end":{"line":102,"column":3}},"locations":[{"start":{"line":85,"column":32},"end":{"line":102,"column":3}}]},"3":{"type":"branch","line":86,"loc":{"start":{"line":86,"column":25},"end":{"line":86,"column":70}},"locations":[{"start":{"line":86,"column":25},"end":{"line":86,"column":70}}]},"4":{"type":"branch","line":87,"loc":{"start":{"line":87,"column":28},"end":{"line":101,"column":5}},"locations":[{"start":{"line":87,"column":28},"end":{"line":101,"column":5}}]},"5":{"type":"branch","line":90,"loc":{"start":{"line":90,"column":20},"end":{"line":100,"column":7}},"locations":[{"start":{"line":90,"column":20},"end":{"line":100,"column":7}}]},"6":{"type":"branch","line":90,"loc":{"start":{"line":90,"column":20},"end":{"line":93,"column":13}},"locations":[{"start":{"line":90,"column":20},"end":{"line":93,"column":13}}]},"7":{"type":"branch","line":93,"loc":{"start":{"line":93,"column":6},"end":{"line":100,"column":7}},"locations":[{"start":{"line":93,"column":6},"end":{"line":100,"column":7}}]},"8":{"type":"branch","line":106,"loc":{"start":{"line":106,"column":0},"end":{"line":125,"column":1}},"locations":[{"start":{"line":106,"column":0},"end":{"line":125,"column":1}}]},"9":{"type":"branch","line":110,"loc":{"start":{"line":110,"column":32},"end":{"line":121,"column":3}},"locations":[{"start":{"line":110,"column":32},"end":{"line":121,"column":3}}]},"10":{"type":"branch","line":111,"loc":{"start":{"line":111,"column":25},"end":{"line":111,"column":64}},"locations":[{"start":{"line":111,"column":25},"end":{"line":111,"column":64}}]},"11":{"type":"branch","line":112,"loc":{"start":{"line":112,"column":28},"end":{"line":120,"column":5}},"locations":[{"start":{"line":112,"column":28},"end":{"line":120,"column":5}}]},"12":{"type":"branch","line":114,"loc":{"start":{"line":114,"column":20},"end":{"line":119,"column":7}},"locations":[{"start":{"line":114,"column":20},"end":{"line":119,"column":7}}]},"13":{"type":"branch","line":114,"loc":{"start":{"line":114,"column":20},"end":{"line":117,"column":13}},"locations":[{"start":{"line":114,"column":20},"end":{"line":117,"column":13}}]},"14":{"type":"branch","line":117,"loc":{"start":{"line":117,"column":6},"end":{"line":119,"column":7}},"locations":[{"start":{"line":117,"column":6},"end":{"line":119,"column":7}}]},"15":{"type":"branch","line":140,"loc":{"start":{"line":140,"column":0},"end":{"line":162,"column":1}},"locations":[{"start":{"line":140,"column":0},"end":{"line":162,"column":1}}]},"16":{"type":"branch","line":157,"loc":{"start":{"line":157,"column":18},"end":{"line":161,"column":4}},"locations":[{"start":{"line":157,"column":18},"end":{"line":161,"column":4}}]},"17":{"type":"branch","line":170,"loc":{"start":{"line":170,"column":0},"end":{"line":190,"column":1}},"locations":[{"start":{"line":170,"column":0},"end":{"line":190,"column":1}}]},"18":{"type":"branch","line":178,"loc":{"start":{"line":178,"column":31},"end":{"line":178,"column":38}},"locations":[{"start":{"line":178,"column":31},"end":{"line":178,"column":38}}]},"19":{"type":"branch","line":178,"loc":{"start":{"line":178,"column":31},"end":{"line":190,"column":1}},"locations":[{"start":{"line":178,"column":31},"end":{"line":190,"column":1}}]},"20":{"type":"branch","line":176,"loc":{"start":{"line":176,"column":4},"end":{"line":176,"column":70}},"locations":[{"start":{"line":176,"column":4},"end":{"line":176,"column":70}}]},"21":{"type":"branch","line":176,"loc":{"start":{"line":176,"column":32},"end":{"line":176,"column":70}},"locations":[{"start":{"line":176,"column":32},"end":{"line":176,"column":70}}]},"22":{"type":"branch","line":181,"loc":{"start":{"line":181,"column":25},"end":{"line":188,"column":6}},"locations":[{"start":{"line":181,"column":25},"end":{"line":188,"column":6}}]},"23":{"type":"branch","line":207,"loc":{"start":{"line":207,"column":0},"end":{"line":402,"column":1}},"locations":[{"start":{"line":207,"column":0},"end":{"line":402,"column":1}}]},"24":{"type":"branch","line":214,"loc":{"start":{"line":214,"column":29},"end":{"line":401,"column":3}},"locations":[{"start":{"line":214,"column":29},"end":{"line":401,"column":3}}]},"25":{"type":"branch","line":224,"loc":{"start":{"line":224,"column":24},"end":{"line":242,"column":5}},"locations":[{"start":{"line":224,"column":24},"end":{"line":242,"column":5}}]},"26":{"type":"branch","line":224,"loc":{"start":{"line":224,"column":24},"end":{"line":228,"column":5}},"locations":[{"start":{"line":224,"column":24},"end":{"line":228,"column":5}}]},"27":{"type":"branch","line":228,"loc":{"start":{"line":228,"column":4},"end":{"line":240,"column":35}},"locations":[{"start":{"line":228,"column":4},"end":{"line":240,"column":35}}]},"28":{"type":"branch","line":240,"loc":{"start":{"line":240,"column":35},"end":{"line":242,"column":5}},"locations":[{"start":{"line":240,"column":35},"end":{"line":242,"column":5}}]},"29":{"type":"branch","line":242,"loc":{"start":{"line":242,"column":4},"end":{"line":310,"column":85}},"locations":[{"start":{"line":242,"column":4},"end":{"line":310,"column":85}}]},"30":{"type":"branch","line":242,"loc":{"start":{"line":242,"column":4},"end":{"line":281,"column":34}},"locations":[{"start":{"line":242,"column":4},"end":{"line":281,"column":34}}]},"31":{"type":"branch","line":281,"loc":{"start":{"line":281,"column":34},"end":{"line":306,"column":5}},"locations":[{"start":{"line":281,"column":34},"end":{"line":306,"column":5}}]},"32":{"type":"branch","line":306,"loc":{"start":{"line":306,"column":4},"end":{"line":310,"column":43}},"locations":[{"start":{"line":306,"column":4},"end":{"line":310,"column":43}}]},"33":{"type":"branch","line":310,"loc":{"start":{"line":310,"column":39},"end":{"line":310,"column":85}},"locations":[{"start":{"line":310,"column":39},"end":{"line":310,"column":85}}]},"34":{"type":"branch","line":310,"loc":{"start":{"line":310,"column":81},"end":{"line":310,"column":87}},"locations":[{"start":{"line":310,"column":81},"end":{"line":310,"column":87}}]},"35":{"type":"branch","line":325,"loc":{"start":{"line":325,"column":70},"end":{"line":370,"column":65}},"locations":[{"start":{"line":325,"column":70},"end":{"line":370,"column":65}}]},"36":{"type":"branch","line":325,"loc":{"start":{"line":325,"column":70},"end":{"line":328,"column":34}},"locations":[{"start":{"line":325,"column":70},"end":{"line":328,"column":34}}]},"37":{"type":"branch","line":328,"loc":{"start":{"line":328,"column":34},"end":{"line":337,"column":5}},"locations":[{"start":{"line":328,"column":34},"end":{"line":337,"column":5}}]},"38":{"type":"branch","line":332,"loc":{"start":{"line":332,"column":34},"end":{"line":332,"column":43}},"locations":[{"start":{"line":332,"column":34},"end":{"line":332,"column":43}}]},"39":{"type":"branch","line":333,"loc":{"start":{"line":333,"column":34},"end":{"line":333,"column":43}},"locations":[{"start":{"line":333,"column":34},"end":{"line":333,"column":43}}]},"40":{"type":"branch","line":337,"loc":{"start":{"line":337,"column":4},"end":{"line":370,"column":65}},"locations":[{"start":{"line":337,"column":4},"end":{"line":370,"column":65}}]},"41":{"type":"branch","line":370,"loc":{"start":{"line":370,"column":45},"end":{"line":370,"column":70}},"locations":[{"start":{"line":370,"column":45},"end":{"line":370,"column":70}}]},"42":{"type":"branch","line":371,"loc":{"start":{"line":371,"column":29},"end":{"line":371,"column":67}},"locations":[{"start":{"line":371,"column":29},"end":{"line":371,"column":67}}]},"43":{"type":"branch","line":371,"loc":{"start":{"line":371,"column":45},"end":{"line":371,"column":72}},"locations":[{"start":{"line":371,"column":45},"end":{"line":371,"column":72}}]},"44":{"type":"branch","line":385,"loc":{"start":{"line":385,"column":5},"end":{"line":400,"column":7}},"locations":[{"start":{"line":385,"column":5},"end":{"line":400,"column":7}}]},"45":{"type":"branch","line":248,"loc":{"start":{"line":248,"column":35},"end":{"line":248,"column":60}},"locations":[{"start":{"line":248,"column":35},"end":{"line":248,"column":60}}]},"46":{"type":"branch","line":341,"loc":{"start":{"line":341,"column":54},"end":{"line":341,"column":93}},"locations":[{"start":{"line":341,"column":54},"end":{"line":341,"column":93}}]},"47":{"type":"branch","line":343,"loc":{"start":{"line":343,"column":64},"end":{"line":343,"column":93}},"locations":[{"start":{"line":343,"column":64},"end":{"line":343,"column":93}}]},"48":{"type":"branch","line":391,"loc":{"start":{"line":391,"column":43},"end":{"line":391,"column":54}},"locations":[{"start":{"line":391,"column":43},"end":{"line":391,"column":54}}]},"49":{"type":"branch","line":404,"loc":{"start":{"line":404,"column":0},"end":{"line":423,"column":1}},"locations":[{"start":{"line":404,"column":0},"end":{"line":423,"column":1}}]},"50":{"type":"branch","line":406,"loc":{"start":{"line":406,"column":14},"end":{"line":406,"column":50}},"locations":[{"start":{"line":406,"column":14},"end":{"line":406,"column":50}}]},"51":{"type":"branch","line":407,"loc":{"start":{"line":407,"column":28},"end":{"line":413,"column":9}},"locations":[{"start":{"line":407,"column":28},"end":{"line":413,"column":9}}]},"52":{"type":"branch","line":425,"loc":{"start":{"line":425,"column":0},"end":{"line":432,"column":1}},"locations":[{"start":{"line":425,"column":0},"end":{"line":432,"column":1}}]},"53":{"type":"branch","line":430,"loc":{"start":{"line":430,"column":12},"end":{"line":430,"column":51}},"locations":[{"start":{"line":430,"column":12},"end":{"line":430,"column":51}}]},"54":{"type":"branch","line":430,"loc":{"start":{"line":430,"column":49},"end":{"line":432,"column":1}},"locations":[{"start":{"line":430,"column":49},"end":{"line":432,"column":1}}]},"55":{"type":"branch","line":444,"loc":{"start":{"line":444,"column":0},"end":{"line":447,"column":1}},"locations":[{"start":{"line":444,"column":0},"end":{"line":447,"column":1}}]},"56":{"type":"branch","line":445,"loc":{"start":{"line":445,"column":45},"end":{"line":445,"column":55}},"locations":[{"start":{"line":445,"column":45},"end":{"line":445,"column":55}}]},"57":{"type":"branch","line":449,"loc":{"start":{"line":449,"column":0},"end":{"line":452,"column":1}},"locations":[{"start":{"line":449,"column":0},"end":{"line":452,"column":1}}]},"58":{"type":"branch","line":450,"loc":{"start":{"line":450,"column":51},"end":{"line":450,"column":62}},"locations":[{"start":{"line":450,"column":51},"end":{"line":450,"column":62}}]},"59":{"type":"branch","line":454,"loc":{"start":{"line":454,"column":0},"end":{"line":458,"column":1}},"locations":[{"start":{"line":454,"column":0},"end":{"line":458,"column":1}}]},"60":{"type":"branch","line":455,"loc":{"start":{"line":455,"column":51},"end":{"line":455,"column":62}},"locations":[{"start":{"line":455,"column":51},"end":{"line":455,"column":62}}]},"61":{"type":"branch","line":456,"loc":{"start":{"line":456,"column":20},"end":{"line":456,"column":55}},"locations":[{"start":{"line":456,"column":20},"end":{"line":456,"column":55}}]},"62":{"type":"branch","line":460,"loc":{"start":{"line":460,"column":0},"end":{"line":462,"column":1}},"locations":[{"start":{"line":460,"column":0},"end":{"line":462,"column":1}}]},"63":{"type":"branch","line":464,"loc":{"start":{"line":464,"column":0},"end":{"line":469,"column":1}},"locations":[{"start":{"line":464,"column":0},"end":{"line":469,"column":1}}]},"64":{"type":"branch","line":471,"loc":{"start":{"line":471,"column":0},"end":{"line":476,"column":1}},"locations":[{"start":{"line":471,"column":0},"end":{"line":476,"column":1}}]},"65":{"type":"branch","line":478,"loc":{"start":{"line":478,"column":0},"end":{"line":482,"column":1}},"locations":[{"start":{"line":478,"column":0},"end":{"line":482,"column":1}}]},"66":{"type":"branch","line":484,"loc":{"start":{"line":484,"column":0},"end":{"line":486,"column":1}},"locations":[{"start":{"line":484,"column":0},"end":{"line":486,"column":1}}]},"67":{"type":"branch","line":511,"loc":{"start":{"line":511,"column":0},"end":{"line":514,"column":1}},"locations":[{"start":{"line":511,"column":0},"end":{"line":514,"column":1}}]},"68":{"type":"branch","line":512,"loc":{"start":{"line":512,"column":35},"end":{"line":514,"column":1}},"locations":[{"start":{"line":512,"column":35},"end":{"line":514,"column":1}}]},"69":{"type":"branch","line":524,"loc":{"start":{"line":524,"column":0},"end":{"line":983,"column":1}},"locations":[{"start":{"line":524,"column":0},"end":{"line":983,"column":1}}]},"70":{"type":"branch","line":545,"loc":{"start":{"line":545,"column":10},"end":{"line":545,"column":74}},"locations":[{"start":{"line":545,"column":10},"end":{"line":545,"column":74}}]},"71":{"type":"branch","line":581,"loc":{"start":{"line":581,"column":33},"end":{"line":581,"column":114}},"locations":[{"start":{"line":581,"column":33},"end":{"line":581,"column":114}}]},"72":{"type":"branch","line":599,"loc":{"start":{"line":599,"column":30},"end":{"line":599,"column":86}},"locations":[{"start":{"line":599,"column":30},"end":{"line":599,"column":86}}]},"73":{"type":"branch","line":599,"loc":{"start":{"line":599,"column":82},"end":{"line":599,"column":94}},"locations":[{"start":{"line":599,"column":82},"end":{"line":599,"column":94}}]},"74":{"type":"branch","line":599,"loc":{"start":{"line":599,"column":101},"end":{"line":599,"column":157}},"locations":[{"start":{"line":599,"column":101},"end":{"line":599,"column":157}}]},"75":{"type":"branch","line":599,"loc":{"start":{"line":599,"column":153},"end":{"line":599,"column":166}},"locations":[{"start":{"line":599,"column":153},"end":{"line":599,"column":166}}]},"76":{"type":"branch","line":607,"loc":{"start":{"line":607,"column":50},"end":{"line":608,"column":68}},"locations":[{"start":{"line":607,"column":50},"end":{"line":608,"column":68}}]},"77":{"type":"branch","line":647,"loc":{"start":{"line":647,"
[...]
,"/home/daniel/work/projects/Restaurant-POS/src/modules/shifts/routes.ts": {"path":"/home/daniel/work/projects/Restaurant-POS/src/modules/shifts/routes.ts","all":false,"statementMap":{"0":{"start":{"line":1,"column":0},"end":{"line":1,"column":33}},"15":{"start":{"line":16,"column":0},"end":{"line":16,"column":37}},"17":{"start":{"line":18,"column":0},"end":{"line":18,"column":30}},"22":{"start":{"line":23,"column":0},"end":{"line":23,"column":18}},"23":{"start":{"line":24,"column":0},"end":{"line":24,"column":17}},"24":{"start":{"line":25,"column":0},"end":{"line":25,"column":39}},"25":{"start":{"line":26,"column":0},"end":{"line":26,"column":43}},"26":{"start":{"line":27,"column":0},"end":{"line":27,"column":2}},"30":{"start":{"line":31,"column":0},"end":{"line":31,"column":17}},"31":{"start":{"line":32,"column":0},"end":{"line":32,"column":28}},"32":{"start":{"line":33,"column":0},"end":{"line":33,"column":34}},"33":{"start":{"line":34,"column":0},"end":{"line":34,"column":47}},"34":{"start":{"line":35,"column":0},"end":{"line":35,"column":42}},"35":{"start":{"line":36,"column":0},"end":{"line":36,"column":2}},"40":{"start":{"line":41,"column":0},"end":{"line":41,"column":18}},"41":{"start":{"line":42,"column":0},"end":{"line":42,"column":16}},"42":{"start":{"line":43,"column":0},"end":{"line":43,"column":38}},"43":{"start":{"line":44,"column":0},"end":{"line":44,"column":30}},"44":{"start":{"line":45,"column":0},"end":{"line":45,"column":34}},"45":{"start":{"line":46,"column":0},"end":{"line":46,"column":2}}},"s":{"0":1,"15":1,"17":1,"22":1,"23":1,"24":1,"25":1,"26":1,"30":1,"31":1,"32":1,"33":1,"34":1,"35":1,"40":1,"41":1,"42":1,"43":1,"44":1,"45":1},"branchMap":{},"b":{},"fnMap":{},"f":{}}
,"/home/daniel/work/projects/Restaurant-POS/src/modules/shifts/schema.ts": {"path":"/home/daniel/work/projects/Restaurant-POS/src/modules/shifts/schema.ts","all":false,"statementMap":{"0":{"start":{"line":1,"column":0},"end":{"line":1,"column":24}},"6":{"start":{"line":7,"column":0},"end":{"line":7,"column":43}},"7":{"start":{"line":8,"column":0},"end":{"line":8,"column":11}},"8":{"start":{"line":9,"column":0},"end":{"line":9,"column":39}},"9":{"start":{"line":10,"column":0},"end":{"line":10,"column":43}},"10":{"start":{"line":11,"column":0},"end":{"line":11,"column":4}},"11":{"start":{"line":12,"column":0},"end":{"line":12,"column":12}},"16":{"start":{"line":17,"column":0},"end":{"line":17,"column":34}},"17":{"start":{"line":18,"column":0},"end":{"line":18,"column":11}},"18":{"start":{"line":19,"column":0},"end":{"line":19,"column":65}},"19":{"start":{"line":20,"column":0},"end":{"line":20,"column":43}},"20":{"start":{"line":21,"column":0},"end":{"line":21,"column":4}},"21":{"start":{"line":22,"column":0},"end":{"line":22,"column":12}},"23":{"start":{"line":24,"column":0},"end":{"line":24,"column":51}},"24":{"start":{"line":25,"column":0},"end":{"line":25,"column":39}},"25":{"start":{"line":26,"column":0},"end":{"line":26,"column":61}},"26":{"start":{"line":27,"column":0},"end":{"line":27,"column":3}}},"s":{"0":1,"6":1,"7":1,"8":1,"9":1,"10":1,"11":1,"16":1,"17":1,"18":1,"19":1,"20":1,"21":1,"23":1,"24":1,"25":1,"26":1},"branchMap":{},"b":{},"fnMap":{},"f":{}}
,"/home/daniel/work/projects/Restaurant-POS/src/modules/shifts/service.ts": {"path":"/home/daniel/work/projects/Restaurant-POS/src/modules/shifts/service.ts","all":false,"statementMap":{"0":{"start":{"line":1,"column":0},"end":{"line":1,"column":8}},"22":{"start":{"line":23,"column":0},"end":{"line":23,"column":25}},"23":{"start":{"line":24,"column":0},"end":{"line":24,"column":45}},"24":{"start":{"line":25,"column":0},"end":{"line":25,"column":50}},"25":{"start":{"line":26,"column":0},"end":{"line":26,"column":52}},"26":{"start":{"line":27,"column":0},"end":{"line":27,"column":67}},"27":{"start":{"line":28,"column":0},"end":{"line":28,"column":39}},"38":{"start":{"line":39,"column":0},"end":{"line":39,"column":43}},"39":{"start":{"line":40,"column":0},"end":{"line":40,"column":17}},"40":{"start":{"line":41,"column":0},"end":{"line":41,"column":35}},"41":{"start":{"line":42,"column":0},"end":{"line":42,"column":3}},"42":{"start":{"line":43,"column":0},"end":{"line":43,"column":44}},"43":{"start":{"line":44,"column":0},"end":{"line":44,"column":43}},"44":{"start":{"line":45,"column":0},"end":{"line":45,"column":28}},"45":{"start":{"line":46,"column":0},"end":{"line":46,"column":41}},"46":{"start":{"line":47,"column":0},"end":{"line":47,"column":7}},"47":{"start":{"line":48,"column":0},"end":{"line":48,"column":59}},"48":{"start":{"line":49,"column":0},"end":{"line":49,"column":68}},"50":{"start":{"line":51,"column":0},"end":{"line":51,"column":53}},"51":{"start":{"line":52,"column":0},"end":{"line":52,"column":43}},"52":{"start":{"line":53,"column":0},"end":{"line":53,"column":53}},"53":{"start":{"line":54,"column":0},"end":{"line":54,"column":7}},"54":{"start":{"line":55,"column":0},"end":{"line":55,"column":18}},"55":{"start":{"line":56,"column":0},"end":{"line":56,"column":86}},"56":{"start":{"line":57,"column":0},"end":{"line":57,"column":5}},"57":{"start":{"line":58,"column":0},"end":{"line":58,"column":44}},"58":{"start":{"line":59,"column":0},"end":{"line":59,"column":72}},"59":{"start":{"line":60,"column":0},"end":{"line":60,"column":5}},"60":{"start":{"line":61,"column":0},"end":{"line":61,"column":52}},"61":{"start":{"line":62,"column":0},"end":{"line":62,"column":30}},"62":{"start":{"line":63,"column":0},"end":{"line":63,"column":72}},"63":{"start":{"line":64,"column":0},"end":{"line":64,"column":8}},"64":{"start":{"line":65,"column":0},"end":{"line":65,"column":5}},"66":{"start":{"line":67,"column":0},"end":{"line":67,"column":35}},"67":{"start":{"line":68,"column":0},"end":{"line":68,"column":13}},"68":{"start":{"line":69,"column":0},"end":{"line":69,"column":24}},"69":{"start":{"line":70,"column":0},"end":{"line":70,"column":43}},"70":{"start":{"line":71,"column":0},"end":{"line":71,"column":36}},"71":{"start":{"line":72,"column":0},"end":{"line":72,"column":35}},"72":{"start":{"line":73,"column":0},"end":{"line":73,"column":36}},"73":{"start":{"line":74,"column":0},"end":{"line":74,"column":39}},"74":{"start":{"line":75,"column":0},"end":{"line":75,"column":40}},"75":{"start":{"line":76,"column":0},"end":{"line":76,"column":27}},"76":{"start":{"line":77,"column":0},"end":{"line":77,"column":8}},"77":{"start":{"line":78,"column":0},"end":{"line":78,"column":31}},"78":{"start":{"line":79,"column":0},"end":{"line":79,"column":7}},"79":{"start":{"line":80,"column":0},"end":{"line":80,"column":5}},"80":{"start":{"line":81,"column":0},"end":{"line":81,"column":1}},"88":{"start":{"line":89,"column":0},"end":{"line":89,"column":35}},"89":{"start":{"line":90,"column":0},"end":{"line":90,"column":35}},"90":{"start":{"line":91,"column":0},"end":{"line":91,"column":14}},"91":{"start":{"line":92,"column":0},"end":{"line":92,"column":42}},"92":{"start":{"line":93,"column":0},"end":{"line":93,"column":46}},"93":{"start":{"line":94,"column":0},"end":{"line":94,"column":12}},"94":{"start":{"line":95,"column":0},"end":{"line":95,"column":10}},"95":{"start":{"line":96,"column":0},"end":{"line":96,"column":19}},"96":{"start":{"line":97,"column":0},"end":{"line":97,"column":55}},"97":{"start":{"line":98,"column":0},"end":{"line":98,"column":6}},"98":{"start":{"line":99,"column":0},"end":{"line":99,"column":12}},"99":{"start":{"line":100,"column":0},"end":{"line":100,"column":37}},"100":{"start":{"line":101,"column":0},"end":{"line":101,"column":5}},"101":{"start":{"line":102,"column":0},"end":{"line":102,"column":29}},"102":{"start":{"line":103,"column":0},"end":{"line":103,"column":79}},"103":{"start":{"line":104,"column":0},"end":{"line":104,"column":3}},"104":{"start":{"line":105,"column":0},"end":{"line":105,"column":27}},"105":{"start":{"line":106,"column":0},"end":{"line":106,"column":28}},"106":{"start":{"line":107,"column":0},"end":{"line":107,"column":84}},"107":{"start":{"line":108,"column":0},"end":{"line":108,"column":6}},"108":{"start":{"line":109,"column":0},"end":{"line":109,"column":3}},"109":{"start":{"line":110,"column":0},"end":{"line":110,"column":20}},"110":{"start":{"line":111,"column":0},"end":{"line":111,"column":1}},"118":{"start":{"line":119,"column":0},"end":{"line":119,"column":45}},"119":{"start":{"line":120,"column":0},"end":{"line":120,"column":18}},"120":{"start":{"line":121,"column":0},"end":{"line":121,"column":26}},"121":{"start":{"line":122,"column":0},"end":{"line":122,"column":3}},"122":{"start":{"line":123,"column":0},"end":{"line":123,"column":44}},"123":{"start":{"line":124,"column":0},"end":{"line":124,"column":52}},"124":{"start":{"line":125,"column":0},"end":{"line":125,"column":29}},"125":{"start":{"line":126,"column":0},"end":{"line":126,"column":15}},"126":{"start":{"line":127,"column":0},"end":{"line":127,"column":17}},"127":{"start":{"line":128,"column":0},"end":{"line":128,"column":21}},"128":{"start":{"line":129,"column":0},"end":{"line":129,"column":19}},"129":{"start":{"line":130,"column":0},"end":{"line":130,"column":26}},"130":{"start":{"line":131,"column":0},"end":{"line":131,"column":8}},"131":{"start":{"line":132,"column":0},"end":{"line":132,"column":7}},"132":{"start":{"line":133,"column":0},"end":{"line":133,"column":56}},"133":{"start":{"line":134,"column":0},"end":{"line":134,"column":47}},"134":{"start":{"line":135,"column":0},"end":{"line":135,"column":75}},"135":{"start":{"line":136,"column":0},"end":{"line":136,"column":5}},"136":{"start":{"line":137,"column":0},"end":{"line":137,"column":53}},"137":{"start":{"line":138,"column":0},"end":{"line":138,"column":30}},"138":{"start":{"line":139,"column":0},"end":{"line":139,"column":57}},"139":{"start":{"line":140,"column":0},"end":{"line":140,"column":8}},"140":{"start":{"line":141,"column":0},"end":{"line":141,"column":5}},"141":{"start":{"line":142,"column":0},"end":{"line":142,"column":28}},"142":{"start":{"line":143,"column":0},"end":{"line":143,"column":59}},"143":{"start":{"line":144,"column":0},"end":{"line":144,"column":5}},"145":{"start":{"line":146,"column":0},"end":{"line":146,"column":62}},"147":{"start":{"line":148,"column":0},"end":{"line":148,"column":34}},"148":{"start":{"line":149,"column":0},"end":{"line":149,"column":29}},"149":{"start":{"line":150,"column":0},"end":{"line":150,"column":13}},"150":{"start":{"line":151,"column":0},"end":{"line":151,"column":36}},"151":{"start":{"line":152,"column":0},"end":{"line":152,"column":32}},"152":{"start":{"line":153,"column":0},"end":{"line":153,"column":48}},"153":{"start":{"line":154,"column":0},"end":{"line":154,"column":8}},"154":{"start":{"line":155,"column":0},"end":{"line":155,"column":7}},"156":{"start":{"line":157,"column":0},"end":{"line":157,"column":46}},"157":{"start":{"line":158,"column":0},"end":{"line":158,"column":29}},"158":{"start":{"line":159,"column":0},"end":{"line":159,"column":31}},"159":{"start":{"line":160,"column":0},"end":{"line":160,"column":7}},"160":{"start":{"line":161,"column":0},"end":{"line":161,"column":5}},"161":{"start":{"line":162,"column":0},"end":{"line":162,"column":1}},"167":{"start":{"line":168,"column":0},"end":{"line":168,"column":54}},"168":{"start":{"line":169,"column":0},"end":{"line":169,"column":29}},"169":{"start":{"line":170,"column":0},"end":{"line":170,"column":3}},"170":{"start":{"line":171,"column":0},"end":{"line":171,"column":48}},"171":{"start":{"line":172,"column":0},"end":{"line":172,"column":32}},"172":{"start":{"line":173,"column":0},"end":{"line":173,"column":38}},"173":{"start":{"line":174,"column":0},"end":{"line":174,"column":22}},"174":{"start":{"line":175,"column":0},"end":{"line":175,"column":4}},"175":{"start":{"line":176,"column":0},"end":{"line":176,"column":51}},"176":{"start":{"line":177,"column":0},"end":{"line":177,"column":10}},"177":{"start":{"line":178,"column":0},"end":{"line":178,"column":52}},"178":{"start":{"line":179,"column":0},"end":{"line":179,"column":29}},"179":{"start":{"line":180,"column":0},"end":{"line":180,"column":30}},"180":{"start":{"line":181,"column":0},"end":{"line":181,"column":5}},"181":{"start":{"line":182,"column":0},"end":{"line":182,"column":41}},"182":{"start":{"line":183,"column":0},"end":{"line":183,"column":1}}},"s":{"0":1,"22":1,"23":1,"24":1,"25":1,"26":1,"27":1,"38":21,"39":21,"40":21,"41":21,"42":21,"43":21,"44":21,"45":21,"46":21,"47":21,"48":21,"50":21,"51":21,"52":21,"53":21,"54":21,"55":0,"56":0,"57":21,"58":2,"59":2,"60":21,"61":2,"62":2,"63":2,"64":2,"66":17,"67":17,"68":17,"69":17,"70":17,"71":17,"72":17,"73":17,"74":17,"75":17,"76":17,"77":17,"78":17,"79":21,"80":21,"88":5,"89":5,"90":5,"91":5,"92":5,"93":5,"94":5,"95":5,"96":5,"97":5,"98":5,"99":5,"100":5,"101":5,"102":1,"103":1,"104":5,"105":0,"106":0,"107":0,"108":0,"109":4,"110":4,"118":7,"119":7,"120":7,"121":7,"122":7,"123":7,"124":7,"125":7,"126":7,"127":7,"128":7,"129":7,"130":7,"131":7,"132":7,"133":7,"134":0,"135":0,"136":7,"137":1,"138":1,"139":1,"140":1,"141":6,"142":1,"143":1,"145":5,"147":4,"148":4,"149":4,"150":4,"151":4,"152":6,"153":7,"154":7,"156":4,"157":4,"158":4,"159":4,"160":7,"161":7,"167":0,"168":0,"169":0,"170":0,"171":0,"172":0,"173":0,"174":0,"175":0,"176":0,"177":0,"178":0,"179":0,"180":0,"181":0,"182":0},"branchMap":{"0":{"type":"branch","line":39,"loc":{"start":{"line":39,"column":0},"end":{"line":81,"column":1}},"locations":[{"start":{"line":39,"column":0},"end":{"line":81,"column":1}}]},"1":{"type":"branch","line":43,"loc":{"start":{"line":43,"column":29},"end":{"line":80,"column":3}},"locations":[{"start":{"line":43,"column":29},"end":{"line":80,"column":3}}]},"2":{"type":"branch","line":48,"loc":{"start":{"line":48,"column":15},"end":{"line":48,"column":59}},"locations":[{"start":{"line":48,"column":15},"end":{"line":48,"column":59}}]},"3":{"type":"branch","line":49,"loc":{"start":{"line":49,"column":22},"end":{"line":49,"column":68}},"locations":[{"start":{"line":49,"column":22},"end":{"line":49,"column":68}}]},"4":{"type":"branch","line":55,"loc":{"start":{"line":55,"column":17},"end":{"line":57,"column":5}},"locations":[{"start":{"line":55,"column":17},"end":{"line":57,"column":5}}]},"5":{"type":"branch","line":58,"loc":{"start":{"line":58,"column":43},"end":{"line":60,"column":5}},"locations":[{"start":{"line":58,"column":43},"end":{"line":60,"column":5}}]},"6":{"type":"branch","line":60,"loc":{"start":{"line":60,"column":4},"end":{"line":61,"column":51}},"locations":[{"start":{"line":60,"column":4},"end":{"line":61,"column":51}}]},"7":{"type":"branch","line":61,"loc":{"start":{"line":61,"column":51},"end":{"line":65,"column":5}},"locations":[{"start":{"line":61,"column":51},"end":{"line":65,"column":5}}]},"8":{"type":"branch","line":65,"loc":{"start":{"line":65,"column":4},"end":{"line":79,"column":7}},"locations":[{"start":{"line":65,"column":4},"end":{"line":79,"column":7}}]},"9":{"type":"branch","line":89,"loc":{"start":{"line":89,"column":0},"end":{"line":111,"column":1}},"locations":[{"start":{"line":89,"column":0},"end":{"line":111,"column":1}}]},"10":{"type":"branch","line":102,"loc":{"start":{"line":102,"column":28},"end":{"line":105,"column":26}},"locations":[{"start":{"line":102,"column":28},"end":{"line":105,"column":26}}]},"11":{"type":"branch","line":102,"loc":{"start":{"line":102,"column":28},"end":{"line":104,"column":3}},"locations":[{"start":{"line":102,"column":28},"end":{"line":104,"column":3}}]},"12":{"type":"branch","line":105,"loc":{"start":{"line":105,"column":26},"end":{"line":109,"column":3}},"locations":[{"start":{"line":105,"column":26},"end":{"line":109,"column":3}}]},"13":{"type":"branch","line":109,"loc":{"start":{"line":109,"column":2},"end":{"line":111,"column":1}},"locations":[{"start":{"line":109,"column":2},"end":{"line":111,"column":1}}]},"14":{"type":"branch","line":119,"loc":{"start":{"line":119,"column":0},"end":{"line":162,"column":1}},"locations":[{"start":{"line":119,"column":0},"end":{"line":162,"column":1}}]},"15":{"type":"branch","line":123,"loc":{"start":{"line":123,"column":29},"end":{"line":161,"column":3}},"locations":[{"start":{"line":123,"column":29},"end":{"line":161,"column":3}}]},"16":{"type":"branch","line":133,"loc":{"start":{"line":133,"column":16},"end":{"line":133,"column":56}},"locations":[{"start":{"line":133,"column":16},"end":{"line":133,"column":56}}]},"17":{"type":"branch","line":134,"loc":{"start":{"line":134,"column":46},"end":{"line":136,"column":5}},"locations":[{"start":{"line":134,"column":46},"end":{"line":136,"column":5}}]},"18":{"type":"branch","line":137,"loc":{"start":{"line":137,"column":52},"end":{"line":141,"column":5}},"locations":[{"start":{"line":137,"column":52},"end":{"line":141,"column":5}}]},"19":{"type":"branch","line":141,"loc":{"start":{"line":141,"column":4},"end":{"line":153,"column":48}},"locations":[{"start":{"line":141,"column":4},"end":{"line":153,"column":48}}]},"20":{"type":"branch","line":142,"loc":{"start":{"line":142,"column":27},"end":{"line":144,"column":5}},"locations":[{"start":{"line":142,"column":27},"end":{"line":144,"column":5}}]},"21":{"type":"branch","line":144,"loc":{"start":{"line":144,"column":4},"end":{"line":146,"column":62}},"locations":[{"start":{"line":144,"column":4},"end":{"line":146,"column":62}}]},"22":{"type":"branch","line":146,"loc":{"start":{"line":146,"column":60},"end":{"line":153,"column":43}},"locations":[{"start":{"line":146,"column":60},"end":{"line":153,"column":43}}]},"23":{"type":"branch","line":153,"loc":{"start":{"line":153,"column":34},"end":{"line":153,"column":48}},"locations":[{"start":{"line":153,"column":34},"end":{"line":153,"column":48}}]},"24":{"type":"branch","line":155,"loc":{"start":{"line":155,"column":5},"end":{"line":160,"column":7}},"locations":[{"start":{"line":155,"column":5},"end":{"line":160,"column":7}}]}},"b":{"0":[21],"1":[21],"2":[0],"3":[0],"4":[0],"5":[2],"6":[19],"7":[2],"8":[17],"9":[5],"10":[4],"11":[1],"12":[0],"13":[4],"14":[7],"15":[7],"16":[0],"17":[0],"18":[1],"19":[6],"20":[1],"21":[5],"22":[4],"23":[2],"24":[4]},"fnMap":{"0":{"name":"openProvisionalShift","decl":{"start":{"line":39,"column":0},"end":{"line":81,"column":1}},"loc":{"start":{"line":39,"column":0},"end":{"line":81,"column":1}},"line":39},"1":{"name":"authorizeManagerPin","decl":{"start":{"line":89,"column":0},"end":{"line":111,"column":1}},"loc":{"start":{"line":89,"column":0},"end":{"line":111,"column":1}},"line":89},"2":{"name":"verifyProvisionalShift","decl":{"start":{"line":119,"column":0},"end":{"line":162,"column":1}},"loc":{"start":{"line":119,"column":0},"end":{"line":162,"column":1}},"line":119},"3":{"name":"listUnverifiedProvisionalShifts","decl":{"start":{"line":168,"column":0},"end":{"line":183,"column":1}},"loc":{"start":{"line":168,"column":0},"end":{"line":183,"column":1}},"line":168}},"f":{"0":21,"1":5,"2":7,"3":0}}
}
